[2021-12-12 07:42:44] local.ERROR: SQLSTATE[HY000] [2002] Connection refused (SQL: insert into `users` (`name`, `email`, `updated_at`, `created_at`) values (John Doe, test@gmail.com, 2021-12-12 07:42:43, 2021-12-12 07:42:43)) {"exception":"[object] (Illuminate\\Database\\QueryException(code: 2002): SQLSTATE[HY000] [2002] Connection refused (SQL: insert into `users` (`name`, `email`, `updated_at`, `created_at`) values (John Doe, test@gmail.com, 2021-12-12 07:42:43, 2021-12-12 07:42:43)) at /var/www/order/vendor/illuminate/database/Connection.php:703)
[stacktrace]
#0 /var/www/order/vendor/illuminate/database/Connection.php(775): Illuminate\\Database\\Connection->runQueryCallback('insert into `us...', Array, Object(Closure))
#1 /var/www/order/vendor/illuminate/database/Connection.php(755): Illuminate\\Database\\Connection->tryAgainIfCausedByLostConnection(Object(Illuminate\\Database\\QueryException), 'insert into `us...', Array, Object(Closure))
#2 /var/www/order/vendor/illuminate/database/Connection.php(666): Illuminate\\Database\\Connection->handleQueryException(Object(Illuminate\\Database\\QueryException), 'insert into `us...', Array, Object(Closure))
#3 /var/www/order/vendor/illuminate/database/Connection.php(493): Illuminate\\Database\\Connection->run('insert into `us...', Array, Object(Closure))
#4 /var/www/order/vendor/illuminate/database/Connection.php(445): Illuminate\\Database\\Connection->statement('insert into `us...', Array)
#5 /var/www/order/vendor/illuminate/database/Query/Processors/Processor.php(32): Illuminate\\Database\\Connection->insert('insert into `us...', Array)
#6 /var/www/order/vendor/illuminate/database/Query/Builder.php(2966): Illuminate\\Database\\Query\\Processors\\Processor->processInsertGetId(Object(Illuminate\\Database\\Query\\Builder), 'insert into `us...', Array, 'id')
#7 /var/www/order/vendor/illuminate/database/Eloquent/Builder.php(1642): Illuminate\\Database\\Query\\Builder->insertGetId(Array, 'id')
#8 /var/www/order/vendor/illuminate/database/Eloquent/Model.php(1188): Illuminate\\Database\\Eloquent\\Builder->__call('insertGetId', Array)
#9 /var/www/order/vendor/illuminate/database/Eloquent/Model.php(1153): Illuminate\\Database\\Eloquent\\Model->insertAndSetId(Object(Illuminate\\Database\\Eloquent\\Builder), Array)
#10 /var/www/order/vendor/illuminate/database/Eloquent/Model.php(994): Illuminate\\Database\\Eloquent\\Model->performInsert(Object(Illuminate\\Database\\Eloquent\\Builder))
#11 /var/www/order/routes/web.php(27): Illuminate\\Database\\Eloquent\\Model->save()
#12 /var/www/order/vendor/illuminate/container/BoundMethod.php(36): Closure->{closure}()
#13 /var/www/order/vendor/illuminate/container/Util.php(40): Illuminate\\Container\\BoundMethod::Illuminate\\Container\\{closure}()
#14 /var/www/order/vendor/illuminate/container/BoundMethod.php(81): Illuminate\\Container\\Util::unwrapIfClosure(Object(Closure))
#15 /var/www/order/vendor/illuminate/container/BoundMethod.php(37): Illuminate\\Container\\BoundMethod::callBoundMethod(Object(Laravel\\Lumen\\Application), Object(Closure), Object(Closure))
#16 /var/www/order/vendor/illuminate/container/Container.php(653): Illuminate\\Container\\BoundMethod::call(Object(Laravel\\Lumen\\Application), Object(Closure), Array, NULL)
#17 /var/www/order/vendor/laravel/lumen-framework/src/Concerns/RoutesRequests.php(302): Illuminate\\Container\\Container->call(Object(Closure), Array)
#18 /var/www/order/vendor/laravel/lumen-framework/src/Concerns/RoutesRequests.php(267): Laravel\\Lumen\\Application->callActionOnArrayBasedRoute(Array)
#19 /var/www/order/vendor/laravel/lumen-framework/src/Concerns/RoutesRequests.php(169): Laravel\\Lumen\\Application->handleFoundRoute(Array)
#20 /var/www/order/vendor/laravel/lumen-framework/src/Concerns/RoutesRequests.php(429): Laravel\\Lumen\\Application->Laravel\\Lumen\\Concerns\\{closure}(Object(Laravel\\Lumen\\Http\\Request))
#21 /var/www/order/vendor/laravel/lumen-framework/src/Concerns/RoutesRequests.php(175): Laravel\\Lumen\\Application->sendThroughPipeline(Array, Object(Closure))
#22 /var/www/order/vendor/laravel/lumen-framework/src/Concerns/RoutesRequests.php(112): Laravel\\Lumen\\Application->dispatch(NULL)
#23 /var/www/order/public/index.php(28): Laravel\\Lumen\\Application->run()
#24 {main}

[previous exception] [object] (PDOException(code: 2002): SQLSTATE[HY000] [2002] Connection refused at /var/www/order/vendor/illuminate/database/Connectors/Connector.php:70)
[stacktrace]
#0 /var/www/order/vendor/illuminate/database/Connectors/Connector.php(70): PDO->__construct('mysql:host=127....', 'dev_user', 'dev_password', Array)
#1 /var/www/order/vendor/illuminate/database/Connectors/Connector.php(100): Illuminate\\Database\\Connectors\\Connector->createPdoConnection('mysql:host=127....', 'dev_user', 'dev_password', Array)
#2 /var/www/order/vendor/illuminate/database/Connectors/Connector.php(50): Illuminate\\Database\\Connectors\\Connector->tryAgainIfCausedByLostConnection(Object(PDOException), 'mysql:host=127....', 'dev_user', 'dev_password', Array)
#3 /var/www/order/vendor/illuminate/database/Connectors/MySqlConnector.php(24): Illuminate\\Database\\Connectors\\Connector->createConnection('mysql:host=127....', Array, Array)
#4 /var/www/order/vendor/illuminate/database/Connectors/ConnectionFactory.php(184): Illuminate\\Database\\Connectors\\MySqlConnector->connect(Array)
#5 [internal function]: Illuminate\\Database\\Connectors\\ConnectionFactory->Illuminate\\Database\\Connectors\\{closure}()
#6 /var/www/order/vendor/illuminate/database/Connection.php(1021): call_user_func(Object(Closure))
#7 /var/www/order/vendor/illuminate/database/Connection.php(486): Illuminate\\Database\\Connection->getPdo()
#8 /var/www/order/vendor/illuminate/database/Connection.php(696): Illuminate\\Database\\Connection->Illuminate\\Database\\{closure}('insert into `us...', Array)
#9 /var/www/order/vendor/illuminate/database/Connection.php(775): Illuminate\\Database\\Connection->runQueryCallback('insert into `us...', Array, Object(Closure))
#10 /var/www/order/vendor/illuminate/database/Connection.php(755): Illuminate\\Database\\Connection->tryAgainIfCausedByLostConnection(Object(Illuminate\\Database\\QueryException), 'insert into `us...', Array, Object(Closure))
#11 /var/www/order/vendor/illuminate/database/Connection.php(666): Illuminate\\Database\\Connection->handleQueryException(Object(Illuminate\\Database\\QueryException), 'insert into `us...', Array, Object(Closure))
#12 /var/www/order/vendor/illuminate/database/Connection.php(493): Illuminate\\Database\\Connection->run('insert into `us...', Array, Object(Closure))
#13 /var/www/order/vendor/illuminate/database/Connection.php(445): Illuminate\\Database\\Connection->statement('insert into `us...', Array)
#14 /var/www/order/vendor/illuminate/database/Query/Processors/Processor.php(32): Illuminate\\Database\\Connection->insert('insert into `us...', Array)
#15 /var/www/order/vendor/illuminate/database/Query/Builder.php(2966): Illuminate\\Database\\Query\\Processors\\Processor->processInsertGetId(Object(Illuminate\\Database\\Query\\Builder), 'insert into `us...', Array, 'id')
#16 /var/www/order/vendor/illuminate/database/Eloquent/Builder.php(1642): Illuminate\\Database\\Query\\Builder->insertGetId(Array, 'id')
#17 /var/www/order/vendor/illuminate/database/Eloquent/Model.php(1188): Illuminate\\Database\\Eloquent\\Builder->__call('insertGetId', Array)
#18 /var/www/order/vendor/illuminate/database/Eloquent/Model.php(1153): Illuminate\\Database\\Eloquent\\Model->insertAndSetId(Object(Illuminate\\Database\\Eloquent\\Builder), Array)
#19 /var/www/order/vendor/illuminate/database/Eloquent/Model.php(994): Illuminate\\Database\\Eloquent\\Model->performInsert(Object(Illuminate\\Database\\Eloquent\\Builder))
#20 /var/www/order/routes/web.php(27): Illuminate\\Database\\Eloquent\\Model->save()
#21 /var/www/order/vendor/illuminate/container/BoundMethod.php(36): Closure->{closure}()
#22 /var/www/order/vendor/illuminate/container/Util.php(40): Illuminate\\Container\\BoundMethod::Illuminate\\Container\\{closure}()
#23 /var/www/order/vendor/illuminate/container/BoundMethod.php(81): Illuminate\\Container\\Util::unwrapIfClosure(Object(Closure))
#24 /var/www/order/vendor/illuminate/container/BoundMethod.php(37): Illuminate\\Container\\BoundMethod::callBoundMethod(Object(Laravel\\Lumen\\Application), Object(Closure), Object(Closure))
#25 /var/www/order/vendor/illuminate/container/Container.php(653): Illuminate\\Container\\BoundMethod::call(Object(Laravel\\Lumen\\Application), Object(Closure), Array, NULL)
#26 /var/www/order/vendor/laravel/lumen-framework/src/Concerns/RoutesRequests.php(302): Illuminate\\Container\\Container->call(Object(Closure), Array)
#27 /var/www/order/vendor/laravel/lumen-framework/src/Concerns/RoutesRequests.php(267): Laravel\\Lumen\\Application->callActionOnArrayBasedRoute(Array)
#28 /var/www/order/vendor/laravel/lumen-framework/src/Concerns/RoutesRequests.php(169): Laravel\\Lumen\\Application->handleFoundRoute(Array)
#29 /var/www/order/vendor/laravel/lumen-framework/src/Concerns/RoutesRequests.php(429): Laravel\\Lumen\\Application->Laravel\\Lumen\\Concerns\\{closure}(Object(Laravel\\Lumen\\Http\\Request))
#30 /var/www/order/vendor/laravel/lumen-framework/src/Concerns/RoutesRequests.php(175): Laravel\\Lumen\\Application->sendThroughPipeline(Array, Object(Closure))
#31 /var/www/order/vendor/laravel/lumen-framework/src/Concerns/RoutesRequests.php(112): Laravel\\Lumen\\Application->dispatch(NULL)
#32 /var/www/order/public/index.php(28): Laravel\\Lumen\\Application->run()
#33 {main}
"}
[2021-12-12 07:48:36] local.ERROR: SQLSTATE[HY000] [2002] Connection refused (SQL: insert into `users` (`name`, `email`, `updated_at`, `created_at`) values (John Doe, test@gmail.com, 2021-12-12 07:48:35, 2021-12-12 07:48:35)) {"exception":"[object] (Illuminate\\Database\\QueryException(code: 2002): SQLSTATE[HY000] [2002] Connection refused (SQL: insert into `users` (`name`, `email`, `updated_at`, `created_at`) values (John Doe, test@gmail.com, 2021-12-12 07:48:35, 2021-12-12 07:48:35)) at /var/www/order/vendor/illuminate/database/Connection.php:703)
[stacktrace]
#0 /var/www/order/vendor/illuminate/database/Connection.php(775): Illuminate\\Database\\Connection->runQueryCallback('insert into `us...', Array, Object(Closure))
#1 /var/www/order/vendor/illuminate/database/Connection.php(755): Illuminate\\Database\\Connection->tryAgainIfCausedByLostConnection(Object(Illuminate\\Database\\QueryException), 'insert into `us...', Array, Object(Closure))
#2 /var/www/order/vendor/illuminate/database/Connection.php(666): Illuminate\\Database\\Connection->handleQueryException(Object(Illuminate\\Database\\QueryException), 'insert into `us...', Array, Object(Closure))
#3 /var/www/order/vendor/illuminate/database/Connection.php(493): Illuminate\\Database\\Connection->run('insert into `us...', Array, Object(Closure))
#4 /var/www/order/vendor/illuminate/database/Connection.php(445): Illuminate\\Database\\Connection->statement('insert into `us...', Array)
#5 /var/www/order/vendor/illuminate/database/Query/Processors/Processor.php(32): Illuminate\\Database\\Connection->insert('insert into `us...', Array)
#6 /var/www/order/vendor/illuminate/database/Query/Builder.php(2966): Illuminate\\Database\\Query\\Processors\\Processor->processInsertGetId(Object(Illuminate\\Database\\Query\\Builder), 'insert into `us...', Array, 'id')
#7 /var/www/order/vendor/illuminate/database/Eloquent/Builder.php(1642): Illuminate\\Database\\Query\\Builder->insertGetId(Array, 'id')
#8 /var/www/order/vendor/illuminate/database/Eloquent/Model.php(1188): Illuminate\\Database\\Eloquent\\Builder->__call('insertGetId', Array)
#9 /var/www/order/vendor/illuminate/database/Eloquent/Model.php(1153): Illuminate\\Database\\Eloquent\\Model->insertAndSetId(Object(Illuminate\\Database\\Eloquent\\Builder), Array)
#10 /var/www/order/vendor/illuminate/database/Eloquent/Model.php(994): Illuminate\\Database\\Eloquent\\Model->performInsert(Object(Illuminate\\Database\\Eloquent\\Builder))
#11 /var/www/order/routes/web.php(27): Illuminate\\Database\\Eloquent\\Model->save()
#12 /var/www/order/vendor/illuminate/container/BoundMethod.php(36): Closure->{closure}()
#13 /var/www/order/vendor/illuminate/container/Util.php(40): Illuminate\\Container\\BoundMethod::Illuminate\\Container\\{closure}()
#14 /var/www/order/vendor/illuminate/container/BoundMethod.php(81): Illuminate\\Container\\Util::unwrapIfClosure(Object(Closure))
#15 /var/www/order/vendor/illuminate/container/BoundMethod.php(37): Illuminate\\Container\\BoundMethod::callBoundMethod(Object(Laravel\\Lumen\\Application), Object(Closure), Object(Closure))
#16 /var/www/order/vendor/illuminate/container/Container.php(653): Illuminate\\Container\\BoundMethod::call(Object(Laravel\\Lumen\\Application), Object(Closure), Array, NULL)
#17 /var/www/order/vendor/laravel/lumen-framework/src/Concerns/RoutesRequests.php(302): Illuminate\\Container\\Container->call(Object(Closure), Array)
#18 /var/www/order/vendor/laravel/lumen-framework/src/Concerns/RoutesRequests.php(267): Laravel\\Lumen\\Application->callActionOnArrayBasedRoute(Array)
#19 /var/www/order/vendor/laravel/lumen-framework/src/Concerns/RoutesRequests.php(169): Laravel\\Lumen\\Application->handleFoundRoute(Array)
#20 /var/www/order/vendor/laravel/lumen-framework/src/Concerns/RoutesRequests.php(429): Laravel\\Lumen\\Application->Laravel\\Lumen\\Concerns\\{closure}(Object(Laravel\\Lumen\\Http\\Request))
#21 /var/www/order/vendor/laravel/lumen-framework/src/Concerns/RoutesRequests.php(175): Laravel\\Lumen\\Application->sendThroughPipeline(Array, Object(Closure))
#22 /var/www/order/vendor/laravel/lumen-framework/src/Concerns/RoutesRequests.php(112): Laravel\\Lumen\\Application->dispatch(NULL)
#23 /var/www/order/public/index.php(28): Laravel\\Lumen\\Application->run()
#24 {main}

[previous exception] [object] (PDOException(code: 2002): SQLSTATE[HY000] [2002] Connection refused at /var/www/order/vendor/illuminate/database/Connectors/Connector.php:70)
[stacktrace]
#0 /var/www/order/vendor/illuminate/database/Connectors/Connector.php(70): PDO->__construct('mysql:host=127....', 'dev_user', 'dev_password', Array)
#1 /var/www/order/vendor/illuminate/database/Connectors/Connector.php(100): Illuminate\\Database\\Connectors\\Connector->createPdoConnection('mysql:host=127....', 'dev_user', 'dev_password', Array)
#2 /var/www/order/vendor/illuminate/database/Connectors/Connector.php(50): Illuminate\\Database\\Connectors\\Connector->tryAgainIfCausedByLostConnection(Object(PDOException), 'mysql:host=127....', 'dev_user', 'dev_password', Array)
#3 /var/www/order/vendor/illuminate/database/Connectors/MySqlConnector.php(24): Illuminate\\Database\\Connectors\\Connector->createConnection('mysql:host=127....', Array, Array)
#4 /var/www/order/vendor/illuminate/database/Connectors/ConnectionFactory.php(184): Illuminate\\Database\\Connectors\\MySqlConnector->connect(Array)
#5 [internal function]: Illuminate\\Database\\Connectors\\ConnectionFactory->Illuminate\\Database\\Connectors\\{closure}()
#6 /var/www/order/vendor/illuminate/database/Connection.php(1021): call_user_func(Object(Closure))
#7 /var/www/order/vendor/illuminate/database/Connection.php(486): Illuminate\\Database\\Connection->getPdo()
#8 /var/www/order/vendor/illuminate/database/Connection.php(696): Illuminate\\Database\\Connection->Illuminate\\Database\\{closure}('insert into `us...', Array)
#9 /var/www/order/vendor/illuminate/database/Connection.php(775): Illuminate\\Database\\Connection->runQueryCallback('insert into `us...', Array, Object(Closure))
#10 /var/www/order/vendor/illuminate/database/Connection.php(755): Illuminate\\Database\\Connection->tryAgainIfCausedByLostConnection(Object(Illuminate\\Database\\QueryException), 'insert into `us...', Array, Object(Closure))
#11 /var/www/order/vendor/illuminate/database/Connection.php(666): Illuminate\\Database\\Connection->handleQueryException(Object(Illuminate\\Database\\QueryException), 'insert into `us...', Array, Object(Closure))
#12 /var/www/order/vendor/illuminate/database/Connection.php(493): Illuminate\\Database\\Connection->run('insert into `us...', Array, Object(Closure))
#13 /var/www/order/vendor/illuminate/database/Connection.php(445): Illuminate\\Database\\Connection->statement('insert into `us...', Array)
#14 /var/www/order/vendor/illuminate/database/Query/Processors/Processor.php(32): Illuminate\\Database\\Connection->insert('insert into `us...', Array)
#15 /var/www/order/vendor/illuminate/database/Query/Builder.php(2966): Illuminate\\Database\\Query\\Processors\\Processor->processInsertGetId(Object(Illuminate\\Database\\Query\\Builder), 'insert into `us...', Array, 'id')
#16 /var/www/order/vendor/illuminate/database/Eloquent/Builder.php(1642): Illuminate\\Database\\Query\\Builder->insertGetId(Array, 'id')
#17 /var/www/order/vendor/illuminate/database/Eloquent/Model.php(1188): Illuminate\\Database\\Eloquent\\Builder->__call('insertGetId', Array)
#18 /var/www/order/vendor/illuminate/database/Eloquent/Model.php(1153): Illuminate\\Database\\Eloquent\\Model->insertAndSetId(Object(Illuminate\\Database\\Eloquent\\Builder), Array)
#19 /var/www/order/vendor/illuminate/database/Eloquent/Model.php(994): Illuminate\\Database\\Eloquent\\Model->performInsert(Object(Illuminate\\Database\\Eloquent\\Builder))
#20 /var/www/order/routes/web.php(27): Illuminate\\Database\\Eloquent\\Model->save()
#21 /var/www/order/vendor/illuminate/container/BoundMethod.php(36): Closure->{closure}()
#22 /var/www/order/vendor/illuminate/container/Util.php(40): Illuminate\\Container\\BoundMethod::Illuminate\\Container\\{closure}()
#23 /var/www/order/vendor/illuminate/container/BoundMethod.php(81): Illuminate\\Container\\Util::unwrapIfClosure(Object(Closure))
#24 /var/www/order/vendor/illuminate/container/BoundMethod.php(37): Illuminate\\Container\\BoundMethod::callBoundMethod(Object(Laravel\\Lumen\\Application), Object(Closure), Object(Closure))
#25 /var/www/order/vendor/illuminate/container/Container.php(653): Illuminate\\Container\\BoundMethod::call(Object(Laravel\\Lumen\\Application), Object(Closure), Array, NULL)
#26 /var/www/order/vendor/laravel/lumen-framework/src/Concerns/RoutesRequests.php(302): Illuminate\\Container\\Container->call(Object(Closure), Array)
#27 /var/www/order/vendor/laravel/lumen-framework/src/Concerns/RoutesRequests.php(267): Laravel\\Lumen\\Application->callActionOnArrayBasedRoute(Array)
#28 /var/www/order/vendor/laravel/lumen-framework/src/Concerns/RoutesRequests.php(169): Laravel\\Lumen\\Application->handleFoundRoute(Array)
#29 /var/www/order/vendor/laravel/lumen-framework/src/Concerns/RoutesRequests.php(429): Laravel\\Lumen\\Application->Laravel\\Lumen\\Concerns\\{closure}(Object(Laravel\\Lumen\\Http\\Request))
#30 /var/www/order/vendor/laravel/lumen-framework/src/Concerns/RoutesRequests.php(175): Laravel\\Lumen\\Application->sendThroughPipeline(Array, Object(Closure))
#31 /var/www/order/vendor/laravel/lumen-framework/src/Concerns/RoutesRequests.php(112): Laravel\\Lumen\\Application->dispatch(NULL)
#32 /var/www/order/public/index.php(28): Laravel\\Lumen\\Application->run()
#33 {main}
"}
[2021-12-12 07:53:00] local.ERROR: SQLSTATE[HY000] [2002] No such file or directory (SQL: insert into `users` (`name`, `email`, `updated_at`, `created_at`) values (John Doe, test@gmail.com, 2021-12-12 07:52:59, 2021-12-12 07:52:59)) {"exception":"[object] (Illuminate\\Database\\QueryException(code: 2002): SQLSTATE[HY000] [2002] No such file or directory (SQL: insert into `users` (`name`, `email`, `updated_at`, `created_at`) values (John Doe, test@gmail.com, 2021-12-12 07:52:59, 2021-12-12 07:52:59)) at /var/www/order/vendor/illuminate/database/Connection.php:703)
[stacktrace]
#0 /var/www/order/vendor/illuminate/database/Connection.php(663): Illuminate\\Database\\Connection->runQueryCallback('insert into `us...', Array, Object(Closure))
#1 /var/www/order/vendor/illuminate/database/Connection.php(493): Illuminate\\Database\\Connection->run('insert into `us...', Array, Object(Closure))
#2 /var/www/order/vendor/illuminate/database/Connection.php(445): Illuminate\\Database\\Connection->statement('insert into `us...', Array)
#3 /var/www/order/vendor/illuminate/database/Query/Processors/Processor.php(32): Illuminate\\Database\\Connection->insert('insert into `us...', Array)
#4 /var/www/order/vendor/illuminate/database/Query/Builder.php(2966): Illuminate\\Database\\Query\\Processors\\Processor->processInsertGetId(Object(Illuminate\\Database\\Query\\Builder), 'insert into `us...', Array, 'id')
#5 /var/www/order/vendor/illuminate/database/Eloquent/Builder.php(1642): Illuminate\\Database\\Query\\Builder->insertGetId(Array, 'id')
#6 /var/www/order/vendor/illuminate/database/Eloquent/Model.php(1188): Illuminate\\Database\\Eloquent\\Builder->__call('insertGetId', Array)
#7 /var/www/order/vendor/illuminate/database/Eloquent/Model.php(1153): Illuminate\\Database\\Eloquent\\Model->insertAndSetId(Object(Illuminate\\Database\\Eloquent\\Builder), Array)
#8 /var/www/order/vendor/illuminate/database/Eloquent/Model.php(994): Illuminate\\Database\\Eloquent\\Model->performInsert(Object(Illuminate\\Database\\Eloquent\\Builder))
#9 /var/www/order/routes/web.php(27): Illuminate\\Database\\Eloquent\\Model->save()
#10 /var/www/order/vendor/illuminate/container/BoundMethod.php(36): Closure->{closure}()
#11 /var/www/order/vendor/illuminate/container/Util.php(40): Illuminate\\Container\\BoundMethod::Illuminate\\Container\\{closure}()
#12 /var/www/order/vendor/illuminate/container/BoundMethod.php(81): Illuminate\\Container\\Util::unwrapIfClosure(Object(Closure))
#13 /var/www/order/vendor/illuminate/container/BoundMethod.php(37): Illuminate\\Container\\BoundMethod::callBoundMethod(Object(Laravel\\Lumen\\Application), Object(Closure), Object(Closure))
#14 /var/www/order/vendor/illuminate/container/Container.php(653): Illuminate\\Container\\BoundMethod::call(Object(Laravel\\Lumen\\Application), Object(Closure), Array, NULL)
#15 /var/www/order/vendor/laravel/lumen-framework/src/Concerns/RoutesRequests.php(302): Illuminate\\Container\\Container->call(Object(Closure), Array)
#16 /var/www/order/vendor/laravel/lumen-framework/src/Concerns/RoutesRequests.php(267): Laravel\\Lumen\\Application->callActionOnArrayBasedRoute(Array)
#17 /var/www/order/vendor/laravel/lumen-framework/src/Concerns/RoutesRequests.php(169): Laravel\\Lumen\\Application->handleFoundRoute(Array)
#18 /var/www/order/vendor/laravel/lumen-framework/src/Concerns/RoutesRequests.php(429): Laravel\\Lumen\\Application->Laravel\\Lumen\\Concerns\\{closure}(Object(Laravel\\Lumen\\Http\\Request))
#19 /var/www/order/vendor/laravel/lumen-framework/src/Concerns/RoutesRequests.php(175): Laravel\\Lumen\\Application->sendThroughPipeline(Array, Object(Closure))
#20 /var/www/order/vendor/laravel/lumen-framework/src/Concerns/RoutesRequests.php(112): Laravel\\Lumen\\Application->dispatch(NULL)
#21 /var/www/order/public/index.php(28): Laravel\\Lumen\\Application->run()
#22 {main}

[previous exception] [object] (PDOException(code: 2002): SQLSTATE[HY000] [2002] No such file or directory at /var/www/order/vendor/illuminate/database/Connectors/Connector.php:70)
[stacktrace]
#0 /var/www/order/vendor/illuminate/database/Connectors/Connector.php(70): PDO->__construct('mysql:host=loca...', 'dev_user', 'dev_password', Array)
#1 /var/www/order/vendor/illuminate/database/Connectors/Connector.php(46): Illuminate\\Database\\Connectors\\Connector->createPdoConnection('mysql:host=loca...', 'dev_user', 'dev_password', Array)
#2 /var/www/order/vendor/illuminate/database/Connectors/MySqlConnector.php(24): Illuminate\\Database\\Connectors\\Connector->createConnection('mysql:host=loca...', Array, Array)
#3 /var/www/order/vendor/illuminate/database/Connectors/ConnectionFactory.php(184): Illuminate\\Database\\Connectors\\MySqlConnector->connect(Array)
#4 [internal function]: Illuminate\\Database\\Connectors\\ConnectionFactory->Illuminate\\Database\\Connectors\\{closure}()
#5 /var/www/order/vendor/illuminate/database/Connection.php(1021): call_user_func(Object(Closure))
#6 /var/www/order/vendor/illuminate/database/Connection.php(486): Illuminate\\Database\\Connection->getPdo()
#7 /var/www/order/vendor/illuminate/database/Connection.php(696): Illuminate\\Database\\Connection->Illuminate\\Database\\{closure}('insert into `us...', Array)
#8 /var/www/order/vendor/illuminate/database/Connection.php(663): Illuminate\\Database\\Connection->runQueryCallback('insert into `us...', Array, Object(Closure))
#9 /var/www/order/vendor/illuminate/database/Connection.php(493): Illuminate\\Database\\Connection->run('insert into `us...', Array, Object(Closure))
#10 /var/www/order/vendor/illuminate/database/Connection.php(445): Illuminate\\Database\\Connection->statement('insert into `us...', Array)
#11 /var/www/order/vendor/illuminate/database/Query/Processors/Processor.php(32): Illuminate\\Database\\Connection->insert('insert into `us...', Array)
#12 /var/www/order/vendor/illuminate/database/Query/Builder.php(2966): Illuminate\\Database\\Query\\Processors\\Processor->processInsertGetId(Object(Illuminate\\Database\\Query\\Builder), 'insert into `us...', Array, 'id')
#13 /var/www/order/vendor/illuminate/database/Eloquent/Builder.php(1642): Illuminate\\Database\\Query\\Builder->insertGetId(Array, 'id')
#14 /var/www/order/vendor/illuminate/database/Eloquent/Model.php(1188): Illuminate\\Database\\Eloquent\\Builder->__call('insertGetId', Array)
#15 /var/www/order/vendor/illuminate/database/Eloquent/Model.php(1153): Illuminate\\Database\\Eloquent\\Model->insertAndSetId(Object(Illuminate\\Database\\Eloquent\\Builder), Array)
#16 /var/www/order/vendor/illuminate/database/Eloquent/Model.php(994): Illuminate\\Database\\Eloquent\\Model->performInsert(Object(Illuminate\\Database\\Eloquent\\Builder))
#17 /var/www/order/routes/web.php(27): Illuminate\\Database\\Eloquent\\Model->save()
#18 /var/www/order/vendor/illuminate/container/BoundMethod.php(36): Closure->{closure}()
#19 /var/www/order/vendor/illuminate/container/Util.php(40): Illuminate\\Container\\BoundMethod::Illuminate\\Container\\{closure}()
#20 /var/www/order/vendor/illuminate/container/BoundMethod.php(81): Illuminate\\Container\\Util::unwrapIfClosure(Object(Closure))
#21 /var/www/order/vendor/illuminate/container/BoundMethod.php(37): Illuminate\\Container\\BoundMethod::callBoundMethod(Object(Laravel\\Lumen\\Application), Object(Closure), Object(Closure))
#22 /var/www/order/vendor/illuminate/container/Container.php(653): Illuminate\\Container\\BoundMethod::call(Object(Laravel\\Lumen\\Application), Object(Closure), Array, NULL)
#23 /var/www/order/vendor/laravel/lumen-framework/src/Concerns/RoutesRequests.php(302): Illuminate\\Container\\Container->call(Object(Closure), Array)
#24 /var/www/order/vendor/laravel/lumen-framework/src/Concerns/RoutesRequests.php(267): Laravel\\Lumen\\Application->callActionOnArrayBasedRoute(Array)
#25 /var/www/order/vendor/laravel/lumen-framework/src/Concerns/RoutesRequests.php(169): Laravel\\Lumen\\Application->handleFoundRoute(Array)
#26 /var/www/order/vendor/laravel/lumen-framework/src/Concerns/RoutesRequests.php(429): Laravel\\Lumen\\Application->Laravel\\Lumen\\Concerns\\{closure}(Object(Laravel\\Lumen\\Http\\Request))
#27 /var/www/order/vendor/laravel/lumen-framework/src/Concerns/RoutesRequests.php(175): Laravel\\Lumen\\Application->sendThroughPipeline(Array, Object(Closure))
#28 /var/www/order/vendor/laravel/lumen-framework/src/Concerns/RoutesRequests.php(112): Laravel\\Lumen\\Application->dispatch(NULL)
#29 /var/www/order/public/index.php(28): Laravel\\Lumen\\Application->run()
#30 {main}
"}
[2021-12-12 07:56:12] local.ERROR: SQLSTATE[HY000] [2002] No such file or directory (SQL: create table `migrations` (`id` int unsigned not null auto_increment primary key, `migration` varchar(255) not null, `batch` int not null) default character set utf8mb4 collate 'utf8mb4_unicode_ci') {"exception":"[object] (Illuminate\\Database\\QueryException(code: 2002): SQLSTATE[HY000] [2002] No such file or directory (SQL: create table `migrations` (`id` int unsigned not null auto_increment primary key, `migration` varchar(255) not null, `batch` int not null) default character set utf8mb4 collate 'utf8mb4_unicode_ci') at /var/www/order/vendor/illuminate/database/Connection.php:703)
[stacktrace]
#0 /var/www/order/vendor/illuminate/database/Connection.php(663): Illuminate\\Database\\Connection->runQueryCallback('create table `m...', Array, Object(Closure))
#1 /var/www/order/vendor/illuminate/database/Connection.php(493): Illuminate\\Database\\Connection->run('create table `m...', Array, Object(Closure))
#2 /var/www/order/vendor/illuminate/database/Schema/Blueprint.php(109): Illuminate\\Database\\Connection->statement('create table `m...')
#3 /var/www/order/vendor/illuminate/database/Schema/Builder.php(365): Illuminate\\Database\\Schema\\Blueprint->build(Object(Illuminate\\Database\\MySqlConnection), Object(Illuminate\\Database\\Schema\\Grammars\\MySqlGrammar))
#4 /var/www/order/vendor/illuminate/database/Schema/Builder.php(228): Illuminate\\Database\\Schema\\Builder->build(Object(Illuminate\\Database\\Schema\\Blueprint))
#5 /var/www/order/vendor/illuminate/database/Migrations/DatabaseMigrationRepository.php(157): Illuminate\\Database\\Schema\\Builder->create('migrations', Object(Closure))
#6 /var/www/order/vendor/illuminate/database/Console/Migrations/InstallCommand.php(54): Illuminate\\Database\\Migrations\\DatabaseMigrationRepository->createRepository()
#7 /var/www/order/vendor/illuminate/container/BoundMethod.php(36): Illuminate\\Database\\Console\\Migrations\\InstallCommand->handle()
#8 /var/www/order/vendor/illuminate/container/Util.php(40): Illuminate\\Container\\BoundMethod::Illuminate\\Container\\{closure}()
#9 /var/www/order/vendor/illuminate/container/BoundMethod.php(93): Illuminate\\Container\\Util::unwrapIfClosure(Object(Closure))
#10 /var/www/order/vendor/illuminate/container/BoundMethod.php(37): Illuminate\\Container\\BoundMethod::callBoundMethod(Object(Laravel\\Lumen\\Application), Array, Object(Closure))
#11 /var/www/order/vendor/illuminate/container/Container.php(653): Illuminate\\Container\\BoundMethod::call(Object(Laravel\\Lumen\\Application), Array, Array, NULL)
#12 /var/www/order/vendor/illuminate/console/Command.php(136): Illuminate\\Container\\Container->call(Array)
#13 /var/www/order/vendor/symfony/console/Command/Command.php(298): Illuminate\\Console\\Command->execute(Object(Symfony\\Component\\Console\\Input\\ArgvInput), Object(Illuminate\\Console\\OutputStyle))
#14 /var/www/order/vendor/illuminate/console/Command.php(121): Symfony\\Component\\Console\\Command\\Command->run(Object(Symfony\\Component\\Console\\Input\\ArgvInput), Object(Illuminate\\Console\\OutputStyle))
#15 /var/www/order/vendor/symfony/console/Application.php(1005): Illuminate\\Console\\Command->run(Object(Symfony\\Component\\Console\\Input\\ArgvInput), Object(Symfony\\Component\\Console\\Output\\ConsoleOutput))
#16 /var/www/order/vendor/symfony/console/Application.php(299): Symfony\\Component\\Console\\Application->doRunCommand(Object(Illuminate\\Database\\Console\\Migrations\\InstallCommand), Object(Symfony\\Component\\Console\\Input\\ArgvInput), Object(Symfony\\Component\\Console\\Output\\ConsoleOutput))
#17 /var/www/order/vendor/symfony/console/Application.php(171): Symfony\\Component\\Console\\Application->doRun(Object(Symfony\\Component\\Console\\Input\\ArgvInput), Object(Symfony\\Component\\Console\\Output\\ConsoleOutput))
#18 /var/www/order/vendor/illuminate/console/Application.php(94): Symfony\\Component\\Console\\Application->run(Object(Symfony\\Component\\Console\\Input\\ArgvInput), Object(Symfony\\Component\\Console\\Output\\ConsoleOutput))
#19 /var/www/order/vendor/laravel/lumen-framework/src/Console/Kernel.php(116): Illuminate\\Console\\Application->run(Object(Symfony\\Component\\Console\\Input\\ArgvInput), Object(Symfony\\Component\\Console\\Output\\ConsoleOutput))
#20 /var/www/order/artisan(35): Laravel\\Lumen\\Console\\Kernel->handle(Object(Symfony\\Component\\Console\\Input\\ArgvInput), Object(Symfony\\Component\\Console\\Output\\ConsoleOutput))
#21 {main}

[previous exception] [object] (PDOException(code: 2002): SQLSTATE[HY000] [2002] No such file or directory at /var/www/order/vendor/illuminate/database/Connectors/Connector.php:70)
[stacktrace]
#0 /var/www/order/vendor/illuminate/database/Connectors/Connector.php(70): PDO->__construct('mysql:host=loca...', 'dev_user', 'dev_password', Array)
#1 /var/www/order/vendor/illuminate/database/Connectors/Connector.php(46): Illuminate\\Database\\Connectors\\Connector->createPdoConnection('mysql:host=loca...', 'dev_user', 'dev_password', Array)
#2 /var/www/order/vendor/illuminate/database/Connectors/MySqlConnector.php(24): Illuminate\\Database\\Connectors\\Connector->createConnection('mysql:host=loca...', Array, Array)
#3 /var/www/order/vendor/illuminate/database/Connectors/ConnectionFactory.php(184): Illuminate\\Database\\Connectors\\MySqlConnector->connect(Array)
#4 [internal function]: Illuminate\\Database\\Connectors\\ConnectionFactory->Illuminate\\Database\\Connectors\\{closure}()
#5 /var/www/order/vendor/illuminate/database/Connection.php(1021): call_user_func(Object(Closure))
#6 /var/www/order/vendor/illuminate/database/Connection.php(486): Illuminate\\Database\\Connection->getPdo()
#7 /var/www/order/vendor/illuminate/database/Connection.php(696): Illuminate\\Database\\Connection->Illuminate\\Database\\{closure}('create table `m...', Array)
#8 /var/www/order/vendor/illuminate/database/Connection.php(663): Illuminate\\Database\\Connection->runQueryCallback('create table `m...', Array, Object(Closure))
#9 /var/www/order/vendor/illuminate/database/Connection.php(493): Illuminate\\Database\\Connection->run('create table `m...', Array, Object(Closure))
#10 /var/www/order/vendor/illuminate/database/Schema/Blueprint.php(109): Illuminate\\Database\\Connection->statement('create table `m...')
#11 /var/www/order/vendor/illuminate/database/Schema/Builder.php(365): Illuminate\\Database\\Schema\\Blueprint->build(Object(Illuminate\\Database\\MySqlConnection), Object(Illuminate\\Database\\Schema\\Grammars\\MySqlGrammar))
#12 /var/www/order/vendor/illuminate/database/Schema/Builder.php(228): Illuminate\\Database\\Schema\\Builder->build(Object(Illuminate\\Database\\Schema\\Blueprint))
#13 /var/www/order/vendor/illuminate/database/Migrations/DatabaseMigrationRepository.php(157): Illuminate\\Database\\Schema\\Builder->create('migrations', Object(Closure))
#14 /var/www/order/vendor/illuminate/database/Console/Migrations/InstallCommand.php(54): Illuminate\\Database\\Migrations\\DatabaseMigrationRepository->createRepository()
#15 /var/www/order/vendor/illuminate/container/BoundMethod.php(36): Illuminate\\Database\\Console\\Migrations\\InstallCommand->handle()
#16 /var/www/order/vendor/illuminate/container/Util.php(40): Illuminate\\Container\\BoundMethod::Illuminate\\Container\\{closure}()
#17 /var/www/order/vendor/illuminate/container/BoundMethod.php(93): Illuminate\\Container\\Util::unwrapIfClosure(Object(Closure))
#18 /var/www/order/vendor/illuminate/container/BoundMethod.php(37): Illuminate\\Container\\BoundMethod::callBoundMethod(Object(Laravel\\Lumen\\Application), Array, Object(Closure))
#19 /var/www/order/vendor/illuminate/container/Container.php(653): Illuminate\\Container\\BoundMethod::call(Object(Laravel\\Lumen\\Application), Array, Array, NULL)
#20 /var/www/order/vendor/illuminate/console/Command.php(136): Illuminate\\Container\\Container->call(Array)
#21 /var/www/order/vendor/symfony/console/Command/Command.php(298): Illuminate\\Console\\Command->execute(Object(Symfony\\Component\\Console\\Input\\ArgvInput), Object(Illuminate\\Console\\OutputStyle))
#22 /var/www/order/vendor/illuminate/console/Command.php(121): Symfony\\Component\\Console\\Command\\Command->run(Object(Symfony\\Component\\Console\\Input\\ArgvInput), Object(Illuminate\\Console\\OutputStyle))
#23 /var/www/order/vendor/symfony/console/Application.php(1005): Illuminate\\Console\\Command->run(Object(Symfony\\Component\\Console\\Input\\ArgvInput), Object(Symfony\\Component\\Console\\Output\\ConsoleOutput))
#24 /var/www/order/vendor/symfony/console/Application.php(299): Symfony\\Component\\Console\\Application->doRunCommand(Object(Illuminate\\Database\\Console\\Migrations\\InstallCommand), Object(Symfony\\Component\\Console\\Input\\ArgvInput), Object(Symfony\\Component\\Console\\Output\\ConsoleOutput))
#25 /var/www/order/vendor/symfony/console/Application.php(171): Symfony\\Component\\Console\\Application->doRun(Object(Symfony\\Component\\Console\\Input\\ArgvInput), Object(Symfony\\Component\\Console\\Output\\ConsoleOutput))
#26 /var/www/order/vendor/illuminate/console/Application.php(94): Symfony\\Component\\Console\\Application->run(Object(Symfony\\Component\\Console\\Input\\ArgvInput), Object(Symfony\\Component\\Console\\Output\\ConsoleOutput))
#27 /var/www/order/vendor/laravel/lumen-framework/src/Console/Kernel.php(116): Illuminate\\Console\\Application->run(Object(Symfony\\Component\\Console\\Input\\ArgvInput), Object(Symfony\\Component\\Console\\Output\\ConsoleOutput))
#28 /var/www/order/artisan(35): Laravel\\Lumen\\Console\\Kernel->handle(Object(Symfony\\Component\\Console\\Input\\ArgvInput), Object(Symfony\\Component\\Console\\Output\\ConsoleOutput))
#29 {main}
"}
[2021-12-12 10:04:37] local.ERROR: SQLSTATE[HY000] [2002] Connection refused (SQL: insert into `users` (`name`, `email`, `updated_at`, `created_at`) values (John Doe, test@gmail.com, 2021-12-12 10:04:37, 2021-12-12 10:04:37)) {"exception":"[object] (Illuminate\\Database\\QueryException(code: 2002): SQLSTATE[HY000] [2002] Connection refused (SQL: insert into `users` (`name`, `email`, `updated_at`, `created_at`) values (John Doe, test@gmail.com, 2021-12-12 10:04:37, 2021-12-12 10:04:37)) at /var/www/horder/vendor/illuminate/database/Connection.php:703)
[stacktrace]
#0 /var/www/horder/vendor/illuminate/database/Connection.php(775): Illuminate\\Database\\Connection->runQueryCallback('insert into `us...', Array, Object(Closure))
#1 /var/www/horder/vendor/illuminate/database/Connection.php(755): Illuminate\\Database\\Connection->tryAgainIfCausedByLostConnection(Object(Illuminate\\Database\\QueryException), 'insert into `us...', Array, Object(Closure))
#2 /var/www/horder/vendor/illuminate/database/Connection.php(666): Illuminate\\Database\\Connection->handleQueryException(Object(Illuminate\\Database\\QueryException), 'insert into `us...', Array, Object(Closure))
#3 /var/www/horder/vendor/illuminate/database/Connection.php(493): Illuminate\\Database\\Connection->run('insert into `us...', Array, Object(Closure))
#4 /var/www/horder/vendor/illuminate/database/Connection.php(445): Illuminate\\Database\\Connection->statement('insert into `us...', Array)
#5 /var/www/horder/vendor/illuminate/database/Query/Processors/Processor.php(32): Illuminate\\Database\\Connection->insert('insert into `us...', Array)
#6 /var/www/horder/vendor/illuminate/database/Query/Builder.php(2966): Illuminate\\Database\\Query\\Processors\\Processor->processInsertGetId(Object(Illuminate\\Database\\Query\\Builder), 'insert into `us...', Array, 'id')
#7 /var/www/horder/vendor/illuminate/database/Eloquent/Builder.php(1642): Illuminate\\Database\\Query\\Builder->insertGetId(Array, 'id')
#8 /var/www/horder/vendor/illuminate/database/Eloquent/Model.php(1188): Illuminate\\Database\\Eloquent\\Builder->__call('insertGetId', Array)
#9 /var/www/horder/vendor/illuminate/database/Eloquent/Model.php(1153): Illuminate\\Database\\Eloquent\\Model->insertAndSetId(Object(Illuminate\\Database\\Eloquent\\Builder), Array)
#10 /var/www/horder/vendor/illuminate/database/Eloquent/Model.php(994): Illuminate\\Database\\Eloquent\\Model->performInsert(Object(Illuminate\\Database\\Eloquent\\Builder))
#11 /var/www/horder/routes/web.php(27): Illuminate\\Database\\Eloquent\\Model->save()
#12 /var/www/horder/vendor/illuminate/container/BoundMethod.php(36): Closure->{closure}()
#13 /var/www/horder/vendor/illuminate/container/Util.php(40): Illuminate\\Container\\BoundMethod::Illuminate\\Container\\{closure}()
#14 /var/www/horder/vendor/illuminate/container/BoundMethod.php(81): Illuminate\\Container\\Util::unwrapIfClosure(Object(Closure))
#15 /var/www/horder/vendor/illuminate/container/BoundMethod.php(37): Illuminate\\Container\\BoundMethod::callBoundMethod(Object(Laravel\\Lumen\\Application), Object(Closure), Object(Closure))
#16 /var/www/horder/vendor/illuminate/container/Container.php(653): Illuminate\\Container\\BoundMethod::call(Object(Laravel\\Lumen\\Application), Object(Closure), Array, NULL)
#17 /var/www/horder/vendor/laravel/lumen-framework/src/Concerns/RoutesRequests.php(302): Illuminate\\Container\\Container->call(Object(Closure), Array)
#18 /var/www/horder/vendor/laravel/lumen-framework/src/Concerns/RoutesRequests.php(267): Laravel\\Lumen\\Application->callActionOnArrayBasedRoute(Array)
#19 /var/www/horder/vendor/laravel/lumen-framework/src/Concerns/RoutesRequests.php(169): Laravel\\Lumen\\Application->handleFoundRoute(Array)
#20 /var/www/horder/vendor/laravel/lumen-framework/src/Concerns/RoutesRequests.php(429): Laravel\\Lumen\\Application->Laravel\\Lumen\\Concerns\\{closure}(Object(Laravel\\Lumen\\Http\\Request))
#21 /var/www/horder/vendor/laravel/lumen-framework/src/Concerns/RoutesRequests.php(175): Laravel\\Lumen\\Application->sendThroughPipeline(Array, Object(Closure))
#22 /var/www/horder/vendor/laravel/lumen-framework/src/Concerns/RoutesRequests.php(112): Laravel\\Lumen\\Application->dispatch(NULL)
#23 /var/www/horder/public/index.php(28): Laravel\\Lumen\\Application->run()
#24 {main}

[previous exception] [object] (PDOException(code: 2002): SQLSTATE[HY000] [2002] Connection refused at /var/www/horder/vendor/illuminate/database/Connectors/Connector.php:70)
[stacktrace]
#0 /var/www/horder/vendor/illuminate/database/Connectors/Connector.php(70): PDO->__construct('mysql:host=127....', 'dev_user', 'dev_password', Array)
#1 /var/www/horder/vendor/illuminate/database/Connectors/Connector.php(100): Illuminate\\Database\\Connectors\\Connector->createPdoConnection('mysql:host=127....', 'dev_user', 'dev_password', Array)
#2 /var/www/horder/vendor/illuminate/database/Connectors/Connector.php(50): Illuminate\\Database\\Connectors\\Connector->tryAgainIfCausedByLostConnection(Object(PDOException), 'mysql:host=127....', 'dev_user', 'dev_password', Array)
#3 /var/www/horder/vendor/illuminate/database/Connectors/MySqlConnector.php(24): Illuminate\\Database\\Connectors\\Connector->createConnection('mysql:host=127....', Array, Array)
#4 /var/www/horder/vendor/illuminate/database/Connectors/ConnectionFactory.php(184): Illuminate\\Database\\Connectors\\MySqlConnector->connect(Array)
#5 [internal function]: Illuminate\\Database\\Connectors\\ConnectionFactory->Illuminate\\Database\\Connectors\\{closure}()
#6 /var/www/horder/vendor/illuminate/database/Connection.php(1021): call_user_func(Object(Closure))
#7 /var/www/horder/vendor/illuminate/database/Connection.php(486): Illuminate\\Database\\Connection->getPdo()
#8 /var/www/horder/vendor/illuminate/database/Connection.php(696): Illuminate\\Database\\Connection->Illuminate\\Database\\{closure}('insert into `us...', Array)
#9 /var/www/horder/vendor/illuminate/database/Connection.php(775): Illuminate\\Database\\Connection->runQueryCallback('insert into `us...', Array, Object(Closure))
#10 /var/www/horder/vendor/illuminate/database/Connection.php(755): Illuminate\\Database\\Connection->tryAgainIfCausedByLostConnection(Object(Illuminate\\Database\\QueryException), 'insert into `us...', Array, Object(Closure))
#11 /var/www/horder/vendor/illuminate/database/Connection.php(666): Illuminate\\Database\\Connection->handleQueryException(Object(Illuminate\\Database\\QueryException), 'insert into `us...', Array, Object(Closure))
#12 /var/www/horder/vendor/illuminate/database/Connection.php(493): Illuminate\\Database\\Connection->run('insert into `us...', Array, Object(Closure))
#13 /var/www/horder/vendor/illuminate/database/Connection.php(445): Illuminate\\Database\\Connection->statement('insert into `us...', Array)
#14 /var/www/horder/vendor/illuminate/database/Query/Processors/Processor.php(32): Illuminate\\Database\\Connection->insert('insert into `us...', Array)
#15 /var/www/horder/vendor/illuminate/database/Query/Builder.php(2966): Illuminate\\Database\\Query\\Processors\\Processor->processInsertGetId(Object(Illuminate\\Database\\Query\\Builder), 'insert into `us...', Array, 'id')
#16 /var/www/horder/vendor/illuminate/database/Eloquent/Builder.php(1642): Illuminate\\Database\\Query\\Builder->insertGetId(Array, 'id')
#17 /var/www/horder/vendor/illuminate/database/Eloquent/Model.php(1188): Illuminate\\Database\\Eloquent\\Builder->__call('insertGetId', Array)
#18 /var/www/horder/vendor/illuminate/database/Eloquent/Model.php(1153): Illuminate\\Database\\Eloquent\\Model->insertAndSetId(Object(Illuminate\\Database\\Eloquent\\Builder), Array)
#19 /var/www/horder/vendor/illuminate/database/Eloquent/Model.php(994): Illuminate\\Database\\Eloquent\\Model->performInsert(Object(Illuminate\\Database\\Eloquent\\Builder))
#20 /var/www/horder/routes/web.php(27): Illuminate\\Database\\Eloquent\\Model->save()
#21 /var/www/horder/vendor/illuminate/container/BoundMethod.php(36): Closure->{closure}()
#22 /var/www/horder/vendor/illuminate/container/Util.php(40): Illuminate\\Container\\BoundMethod::Illuminate\\Container\\{closure}()
#23 /var/www/horder/vendor/illuminate/container/BoundMethod.php(81): Illuminate\\Container\\Util::unwrapIfClosure(Object(Closure))
#24 /var/www/horder/vendor/illuminate/container/BoundMethod.php(37): Illuminate\\Container\\BoundMethod::callBoundMethod(Object(Laravel\\Lumen\\Application), Object(Closure), Object(Closure))
#25 /var/www/horder/vendor/illuminate/container/Container.php(653): Illuminate\\Container\\BoundMethod::call(Object(Laravel\\Lumen\\Application), Object(Closure), Array, NULL)
#26 /var/www/horder/vendor/laravel/lumen-framework/src/Concerns/RoutesRequests.php(302): Illuminate\\Container\\Container->call(Object(Closure), Array)
#27 /var/www/horder/vendor/laravel/lumen-framework/src/Concerns/RoutesRequests.php(267): Laravel\\Lumen\\Application->callActionOnArrayBasedRoute(Array)
#28 /var/www/horder/vendor/laravel/lumen-framework/src/Concerns/RoutesRequests.php(169): Laravel\\Lumen\\Application->handleFoundRoute(Array)
#29 /var/www/horder/vendor/laravel/lumen-framework/src/Concerns/RoutesRequests.php(429): Laravel\\Lumen\\Application->Laravel\\Lumen\\Concerns\\{closure}(Object(Laravel\\Lumen\\Http\\Request))
#30 /var/www/horder/vendor/laravel/lumen-framework/src/Concerns/RoutesRequests.php(175): Laravel\\Lumen\\Application->sendThroughPipeline(Array, Object(Closure))
#31 /var/www/horder/vendor/laravel/lumen-framework/src/Concerns/RoutesRequests.php(112): Laravel\\Lumen\\Application->dispatch(NULL)
#32 /var/www/horder/public/index.php(28): Laravel\\Lumen\\Application->run()
#33 {main}
"}
[2021-12-12 11:01:15] local.ERROR: SQLSTATE[HY000] [2002] Connection refused (SQL: insert into `users` (`name`, `email`, `updated_at`, `created_at`) values (John Doe, test@gmail.com, 2021-12-12 11:01:14, 2021-12-12 11:01:14)) {"exception":"[object] (Illuminate\\Database\\QueryException(code: 2002): SQLSTATE[HY000] [2002] Connection refused (SQL: insert into `users` (`name`, `email`, `updated_at`, `created_at`) values (John Doe, test@gmail.com, 2021-12-12 11:01:14, 2021-12-12 11:01:14)) at /var/www/order/vendor/illuminate/database/Connection.php:703)
[stacktrace]
#0 /var/www/order/vendor/illuminate/database/Connection.php(775): Illuminate\\Database\\Connection->runQueryCallback('insert into `us...', Array, Object(Closure))
#1 /var/www/order/vendor/illuminate/database/Connection.php(755): Illuminate\\Database\\Connection->tryAgainIfCausedByLostConnection(Object(Illuminate\\Database\\QueryException), 'insert into `us...', Array, Object(Closure))
#2 /var/www/order/vendor/illuminate/database/Connection.php(666): Illuminate\\Database\\Connection->handleQueryException(Object(Illuminate\\Database\\QueryException), 'insert into `us...', Array, Object(Closure))
#3 /var/www/order/vendor/illuminate/database/Connection.php(493): Illuminate\\Database\\Connection->run('insert into `us...', Array, Object(Closure))
#4 /var/www/order/vendor/illuminate/database/Connection.php(445): Illuminate\\Database\\Connection->statement('insert into `us...', Array)
#5 /var/www/order/vendor/illuminate/database/Query/Processors/Processor.php(32): Illuminate\\Database\\Connection->insert('insert into `us...', Array)
#6 /var/www/order/vendor/illuminate/database/Query/Builder.php(2966): Illuminate\\Database\\Query\\Processors\\Processor->processInsertGetId(Object(Illuminate\\Database\\Query\\Builder), 'insert into `us...', Array, 'id')
#7 /var/www/order/vendor/illuminate/database/Eloquent/Builder.php(1642): Illuminate\\Database\\Query\\Builder->insertGetId(Array, 'id')
#8 /var/www/order/vendor/illuminate/database/Eloquent/Model.php(1188): Illuminate\\Database\\Eloquent\\Builder->__call('insertGetId', Array)
#9 /var/www/order/vendor/illuminate/database/Eloquent/Model.php(1153): Illuminate\\Database\\Eloquent\\Model->insertAndSetId(Object(Illuminate\\Database\\Eloquent\\Builder), Array)
#10 /var/www/order/vendor/illuminate/database/Eloquent/Model.php(994): Illuminate\\Database\\Eloquent\\Model->performInsert(Object(Illuminate\\Database\\Eloquent\\Builder))
#11 /var/www/order/routes/web.php(27): Illuminate\\Database\\Eloquent\\Model->save()
#12 /var/www/order/vendor/illuminate/container/BoundMethod.php(36): Closure->{closure}()
#13 /var/www/order/vendor/illuminate/container/Util.php(40): Illuminate\\Container\\BoundMethod::Illuminate\\Container\\{closure}()
#14 /var/www/order/vendor/illuminate/container/BoundMethod.php(81): Illuminate\\Container\\Util::unwrapIfClosure(Object(Closure))
#15 /var/www/order/vendor/illuminate/container/BoundMethod.php(37): Illuminate\\Container\\BoundMethod::callBoundMethod(Object(Laravel\\Lumen\\Application), Object(Closure), Object(Closure))
#16 /var/www/order/vendor/illuminate/container/Container.php(653): Illuminate\\Container\\BoundMethod::call(Object(Laravel\\Lumen\\Application), Object(Closure), Array, NULL)
#17 /var/www/order/vendor/laravel/lumen-framework/src/Concerns/RoutesRequests.php(302): Illuminate\\Container\\Container->call(Object(Closure), Array)
#18 /var/www/order/vendor/laravel/lumen-framework/src/Concerns/RoutesRequests.php(267): Laravel\\Lumen\\Application->callActionOnArrayBasedRoute(Array)
#19 /var/www/order/vendor/laravel/lumen-framework/src/Concerns/RoutesRequests.php(169): Laravel\\Lumen\\Application->handleFoundRoute(Array)
#20 /var/www/order/vendor/laravel/lumen-framework/src/Concerns/RoutesRequests.php(429): Laravel\\Lumen\\Application->Laravel\\Lumen\\Concerns\\{closure}(Object(Laravel\\Lumen\\Http\\Request))
#21 /var/www/order/vendor/laravel/lumen-framework/src/Concerns/RoutesRequests.php(175): Laravel\\Lumen\\Application->sendThroughPipeline(Array, Object(Closure))
#22 /var/www/order/vendor/laravel/lumen-framework/src/Concerns/RoutesRequests.php(112): Laravel\\Lumen\\Application->dispatch(NULL)
#23 /var/www/order/public/index.php(28): Laravel\\Lumen\\Application->run()
#24 {main}

[previous exception] [object] (PDOException(code: 2002): SQLSTATE[HY000] [2002] Connection refused at /var/www/order/vendor/illuminate/database/Connectors/Connector.php:70)
[stacktrace]
#0 /var/www/order/vendor/illuminate/database/Connectors/Connector.php(70): PDO->__construct('mysql:host=127....', 'dev_user', 'dev_password', Array)
#1 /var/www/order/vendor/illuminate/database/Connectors/Connector.php(100): Illuminate\\Database\\Connectors\\Connector->createPdoConnection('mysql:host=127....', 'dev_user', 'dev_password', Array)
#2 /var/www/order/vendor/illuminate/database/Connectors/Connector.php(50): Illuminate\\Database\\Connectors\\Connector->tryAgainIfCausedByLostConnection(Object(PDOException), 'mysql:host=127....', 'dev_user', 'dev_password', Array)
#3 /var/www/order/vendor/illuminate/database/Connectors/MySqlConnector.php(24): Illuminate\\Database\\Connectors\\Connector->createConnection('mysql:host=127....', Array, Array)
#4 /var/www/order/vendor/illuminate/database/Connectors/ConnectionFactory.php(184): Illuminate\\Database\\Connectors\\MySqlConnector->connect(Array)
#5 [internal function]: Illuminate\\Database\\Connectors\\ConnectionFactory->Illuminate\\Database\\Connectors\\{closure}()
#6 /var/www/order/vendor/illuminate/database/Connection.php(1021): call_user_func(Object(Closure))
#7 /var/www/order/vendor/illuminate/database/Connection.php(486): Illuminate\\Database\\Connection->getPdo()
#8 /var/www/order/vendor/illuminate/database/Connection.php(696): Illuminate\\Database\\Connection->Illuminate\\Database\\{closure}('insert into `us...', Array)
#9 /var/www/order/vendor/illuminate/database/Connection.php(775): Illuminate\\Database\\Connection->runQueryCallback('insert into `us...', Array, Object(Closure))
#10 /var/www/order/vendor/illuminate/database/Connection.php(755): Illuminate\\Database\\Connection->tryAgainIfCausedByLostConnection(Object(Illuminate\\Database\\QueryException), 'insert into `us...', Array, Object(Closure))
#11 /var/www/order/vendor/illuminate/database/Connection.php(666): Illuminate\\Database\\Connection->handleQueryException(Object(Illuminate\\Database\\QueryException), 'insert into `us...', Array, Object(Closure))
#12 /var/www/order/vendor/illuminate/database/Connection.php(493): Illuminate\\Database\\Connection->run('insert into `us...', Array, Object(Closure))
#13 /var/www/order/vendor/illuminate/database/Connection.php(445): Illuminate\\Database\\Connection->statement('insert into `us...', Array)
#14 /var/www/order/vendor/illuminate/database/Query/Processors/Processor.php(32): Illuminate\\Database\\Connection->insert('insert into `us...', Array)
#15 /var/www/order/vendor/illuminate/database/Query/Builder.php(2966): Illuminate\\Database\\Query\\Processors\\Processor->processInsertGetId(Object(Illuminate\\Database\\Query\\Builder), 'insert into `us...', Array, 'id')
#16 /var/www/order/vendor/illuminate/database/Eloquent/Builder.php(1642): Illuminate\\Database\\Query\\Builder->insertGetId(Array, 'id')
#17 /var/www/order/vendor/illuminate/database/Eloquent/Model.php(1188): Illuminate\\Database\\Eloquent\\Builder->__call('insertGetId', Array)
#18 /var/www/order/vendor/illuminate/database/Eloquent/Model.php(1153): Illuminate\\Database\\Eloquent\\Model->insertAndSetId(Object(Illuminate\\Database\\Eloquent\\Builder), Array)
#19 /var/www/order/vendor/illuminate/database/Eloquent/Model.php(994): Illuminate\\Database\\Eloquent\\Model->performInsert(Object(Illuminate\\Database\\Eloquent\\Builder))
#20 /var/www/order/routes/web.php(27): Illuminate\\Database\\Eloquent\\Model->save()
#21 /var/www/order/vendor/illuminate/container/BoundMethod.php(36): Closure->{closure}()
#22 /var/www/order/vendor/illuminate/container/Util.php(40): Illuminate\\Container\\BoundMethod::Illuminate\\Container\\{closure}()
#23 /var/www/order/vendor/illuminate/container/BoundMethod.php(81): Illuminate\\Container\\Util::unwrapIfClosure(Object(Closure))
#24 /var/www/order/vendor/illuminate/container/BoundMethod.php(37): Illuminate\\Container\\BoundMethod::callBoundMethod(Object(Laravel\\Lumen\\Application), Object(Closure), Object(Closure))
#25 /var/www/order/vendor/illuminate/container/Container.php(653): Illuminate\\Container\\BoundMethod::call(Object(Laravel\\Lumen\\Application), Object(Closure), Array, NULL)
#26 /var/www/order/vendor/laravel/lumen-framework/src/Concerns/RoutesRequests.php(302): Illuminate\\Container\\Container->call(Object(Closure), Array)
#27 /var/www/order/vendor/laravel/lumen-framework/src/Concerns/RoutesRequests.php(267): Laravel\\Lumen\\Application->callActionOnArrayBasedRoute(Array)
#28 /var/www/order/vendor/laravel/lumen-framework/src/Concerns/RoutesRequests.php(169): Laravel\\Lumen\\Application->handleFoundRoute(Array)
#29 /var/www/order/vendor/laravel/lumen-framework/src/Concerns/RoutesRequests.php(429): Laravel\\Lumen\\Application->Laravel\\Lumen\\Concerns\\{closure}(Object(Laravel\\Lumen\\Http\\Request))
#30 /var/www/order/vendor/laravel/lumen-framework/src/Concerns/RoutesRequests.php(175): Laravel\\Lumen\\Application->sendThroughPipeline(Array, Object(Closure))
#31 /var/www/order/vendor/laravel/lumen-framework/src/Concerns/RoutesRequests.php(112): Laravel\\Lumen\\Application->dispatch(NULL)
#32 /var/www/order/public/index.php(28): Laravel\\Lumen\\Application->run()
#33 {main}
"}
[2021-12-12 11:05:39] local.ERROR: SQLSTATE[42S02]: Base table or view not found: 1146 Table 'dev_db.users' doesn't exist (SQL: insert into `users` (`name`, `email`, `updated_at`, `created_at`) values (John Doe, test@gmail.com, 2021-12-12 11:05:38, 2021-12-12 11:05:38)) {"exception":"[object] (Illuminate\\Database\\QueryException(code: 42S02): SQLSTATE[42S02]: Base table or view not found: 1146 Table 'dev_db.users' doesn't exist (SQL: insert into `users` (`name`, `email`, `updated_at`, `created_at`) values (John Doe, test@gmail.com, 2021-12-12 11:05:38, 2021-12-12 11:05:38)) at /var/www/order/vendor/illuminate/database/Connection.php:703)
[stacktrace]
#0 /var/www/order/vendor/illuminate/database/Connection.php(663): Illuminate\\Database\\Connection->runQueryCallback('insert into `us...', Array, Object(Closure))
#1 /var/www/order/vendor/illuminate/database/Connection.php(493): Illuminate\\Database\\Connection->run('insert into `us...', Array, Object(Closure))
#2 /var/www/order/vendor/illuminate/database/Connection.php(445): Illuminate\\Database\\Connection->statement('insert into `us...', Array)
#3 /var/www/order/vendor/illuminate/database/Query/Processors/Processor.php(32): Illuminate\\Database\\Connection->insert('insert into `us...', Array)
#4 /var/www/order/vendor/illuminate/database/Query/Builder.php(2966): Illuminate\\Database\\Query\\Processors\\Processor->processInsertGetId(Object(Illuminate\\Database\\Query\\Builder), 'insert into `us...', Array, 'id')
#5 /var/www/order/vendor/illuminate/database/Eloquent/Builder.php(1642): Illuminate\\Database\\Query\\Builder->insertGetId(Array, 'id')
#6 /var/www/order/vendor/illuminate/database/Eloquent/Model.php(1188): Illuminate\\Database\\Eloquent\\Builder->__call('insertGetId', Array)
#7 /var/www/order/vendor/illuminate/database/Eloquent/Model.php(1153): Illuminate\\Database\\Eloquent\\Model->insertAndSetId(Object(Illuminate\\Database\\Eloquent\\Builder), Array)
#8 /var/www/order/vendor/illuminate/database/Eloquent/Model.php(994): Illuminate\\Database\\Eloquent\\Model->performInsert(Object(Illuminate\\Database\\Eloquent\\Builder))
#9 /var/www/order/routes/web.php(27): Illuminate\\Database\\Eloquent\\Model->save()
#10 /var/www/order/vendor/illuminate/container/BoundMethod.php(36): Closure->{closure}()
#11 /var/www/order/vendor/illuminate/container/Util.php(40): Illuminate\\Container\\BoundMethod::Illuminate\\Container\\{closure}()
#12 /var/www/order/vendor/illuminate/container/BoundMethod.php(81): Illuminate\\Container\\Util::unwrapIfClosure(Object(Closure))
#13 /var/www/order/vendor/illuminate/container/BoundMethod.php(37): Illuminate\\Container\\BoundMethod::callBoundMethod(Object(Laravel\\Lumen\\Application), Object(Closure), Object(Closure))
#14 /var/www/order/vendor/illuminate/container/Container.php(653): Illuminate\\Container\\BoundMethod::call(Object(Laravel\\Lumen\\Application), Object(Closure), Array, NULL)
#15 /var/www/order/vendor/laravel/lumen-framework/src/Concerns/RoutesRequests.php(302): Illuminate\\Container\\Container->call(Object(Closure), Array)
#16 /var/www/order/vendor/laravel/lumen-framework/src/Concerns/RoutesRequests.php(267): Laravel\\Lumen\\Application->callActionOnArrayBasedRoute(Array)
#17 /var/www/order/vendor/laravel/lumen-framework/src/Concerns/RoutesRequests.php(169): Laravel\\Lumen\\Application->handleFoundRoute(Array)
#18 /var/www/order/vendor/laravel/lumen-framework/src/Concerns/RoutesRequests.php(429): Laravel\\Lumen\\Application->Laravel\\Lumen\\Concerns\\{closure}(Object(Laravel\\Lumen\\Http\\Request))
#19 /var/www/order/vendor/laravel/lumen-framework/src/Concerns/RoutesRequests.php(175): Laravel\\Lumen\\Application->sendThroughPipeline(Array, Object(Closure))
#20 /var/www/order/vendor/laravel/lumen-framework/src/Concerns/RoutesRequests.php(112): Laravel\\Lumen\\Application->dispatch(NULL)
#21 /var/www/order/public/index.php(28): Laravel\\Lumen\\Application->run()
#22 {main}

[previous exception] [object] (PDOException(code: 42S02): SQLSTATE[42S02]: Base table or view not found: 1146 Table 'dev_db.users' doesn't exist at /var/www/order/vendor/illuminate/database/Connection.php:486)
[stacktrace]
#0 /var/www/order/vendor/illuminate/database/Connection.php(486): PDO->prepare('insert into `us...')
#1 /var/www/order/vendor/illuminate/database/Connection.php(696): Illuminate\\Database\\Connection->Illuminate\\Database\\{closure}('insert into `us...', Array)
#2 /var/www/order/vendor/illuminate/database/Connection.php(663): Illuminate\\Database\\Connection->runQueryCallback('insert into `us...', Array, Object(Closure))
#3 /var/www/order/vendor/illuminate/database/Connection.php(493): Illuminate\\Database\\Connection->run('insert into `us...', Array, Object(Closure))
#4 /var/www/order/vendor/illuminate/database/Connection.php(445): Illuminate\\Database\\Connection->statement('insert into `us...', Array)
#5 /var/www/order/vendor/illuminate/database/Query/Processors/Processor.php(32): Illuminate\\Database\\Connection->insert('insert into `us...', Array)
#6 /var/www/order/vendor/illuminate/database/Query/Builder.php(2966): Illuminate\\Database\\Query\\Processors\\Processor->processInsertGetId(Object(Illuminate\\Database\\Query\\Builder), 'insert into `us...', Array, 'id')
#7 /var/www/order/vendor/illuminate/database/Eloquent/Builder.php(1642): Illuminate\\Database\\Query\\Builder->insertGetId(Array, 'id')
#8 /var/www/order/vendor/illuminate/database/Eloquent/Model.php(1188): Illuminate\\Database\\Eloquent\\Builder->__call('insertGetId', Array)
#9 /var/www/order/vendor/illuminate/database/Eloquent/Model.php(1153): Illuminate\\Database\\Eloquent\\Model->insertAndSetId(Object(Illuminate\\Database\\Eloquent\\Builder), Array)
#10 /var/www/order/vendor/illuminate/database/Eloquent/Model.php(994): Illuminate\\Database\\Eloquent\\Model->performInsert(Object(Illuminate\\Database\\Eloquent\\Builder))
#11 /var/www/order/routes/web.php(27): Illuminate\\Database\\Eloquent\\Model->save()
#12 /var/www/order/vendor/illuminate/container/BoundMethod.php(36): Closure->{closure}()
#13 /var/www/order/vendor/illuminate/container/Util.php(40): Illuminate\\Container\\BoundMethod::Illuminate\\Container\\{closure}()
#14 /var/www/order/vendor/illuminate/container/BoundMethod.php(81): Illuminate\\Container\\Util::unwrapIfClosure(Object(Closure))
#15 /var/www/order/vendor/illuminate/container/BoundMethod.php(37): Illuminate\\Container\\BoundMethod::callBoundMethod(Object(Laravel\\Lumen\\Application), Object(Closure), Object(Closure))
#16 /var/www/order/vendor/illuminate/container/Container.php(653): Illuminate\\Container\\BoundMethod::call(Object(Laravel\\Lumen\\Application), Object(Closure), Array, NULL)
#17 /var/www/order/vendor/laravel/lumen-framework/src/Concerns/RoutesRequests.php(302): Illuminate\\Container\\Container->call(Object(Closure), Array)
#18 /var/www/order/vendor/laravel/lumen-framework/src/Concerns/RoutesRequests.php(267): Laravel\\Lumen\\Application->callActionOnArrayBasedRoute(Array)
#19 /var/www/order/vendor/laravel/lumen-framework/src/Concerns/RoutesRequests.php(169): Laravel\\Lumen\\Application->handleFoundRoute(Array)
#20 /var/www/order/vendor/laravel/lumen-framework/src/Concerns/RoutesRequests.php(429): Laravel\\Lumen\\Application->Laravel\\Lumen\\Concerns\\{closure}(Object(Laravel\\Lumen\\Http\\Request))
#21 /var/www/order/vendor/laravel/lumen-framework/src/Concerns/RoutesRequests.php(175): Laravel\\Lumen\\Application->sendThroughPipeline(Array, Object(Closure))
#22 /var/www/order/vendor/laravel/lumen-framework/src/Concerns/RoutesRequests.php(112): Laravel\\Lumen\\Application->dispatch(NULL)
#23 /var/www/order/public/index.php(28): Laravel\\Lumen\\Application->run()
#24 {main}
"}
[2021-12-12 11:11:01] local.ERROR: SQLSTATE[HY000]: General error: 1366 Incorrect integer value: 'John Doe' for column 'name' at row 1 (SQL: insert into `users` (`name`, `email`, `updated_at`, `created_at`) values (John Doe, test@gmail.com, 2021-12-12 11:11:00, 2021-12-12 11:11:00)) {"exception":"[object] (Illuminate\\Database\\QueryException(code: HY000): SQLSTATE[HY000]: General error: 1366 Incorrect integer value: 'John Doe' for column 'name' at row 1 (SQL: insert into `users` (`name`, `email`, `updated_at`, `created_at`) values (John Doe, test@gmail.com, 2021-12-12 11:11:00, 2021-12-12 11:11:00)) at /var/www/order/vendor/illuminate/database/Connection.php:703)
[stacktrace]
#0 /var/www/order/vendor/illuminate/database/Connection.php(663): Illuminate\\Database\\Connection->runQueryCallback('insert into `us...', Array, Object(Closure))
#1 /var/www/order/vendor/illuminate/database/Connection.php(493): Illuminate\\Database\\Connection->run('insert into `us...', Array, Object(Closure))
#2 /var/www/order/vendor/illuminate/database/Connection.php(445): Illuminate\\Database\\Connection->statement('insert into `us...', Array)
#3 /var/www/order/vendor/illuminate/database/Query/Processors/Processor.php(32): Illuminate\\Database\\Connection->insert('insert into `us...', Array)
#4 /var/www/order/vendor/illuminate/database/Query/Builder.php(2966): Illuminate\\Database\\Query\\Processors\\Processor->processInsertGetId(Object(Illuminate\\Database\\Query\\Builder), 'insert into `us...', Array, 'id')
#5 /var/www/order/vendor/illuminate/database/Eloquent/Builder.php(1642): Illuminate\\Database\\Query\\Builder->insertGetId(Array, 'id')
#6 /var/www/order/vendor/illuminate/database/Eloquent/Model.php(1188): Illuminate\\Database\\Eloquent\\Builder->__call('insertGetId', Array)
#7 /var/www/order/vendor/illuminate/database/Eloquent/Model.php(1153): Illuminate\\Database\\Eloquent\\Model->insertAndSetId(Object(Illuminate\\Database\\Eloquent\\Builder), Array)
#8 /var/www/order/vendor/illuminate/database/Eloquent/Model.php(994): Illuminate\\Database\\Eloquent\\Model->performInsert(Object(Illuminate\\Database\\Eloquent\\Builder))
#9 /var/www/order/routes/web.php(27): Illuminate\\Database\\Eloquent\\Model->save()
#10 /var/www/order/vendor/illuminate/container/BoundMethod.php(36): Closure->{closure}()
#11 /var/www/order/vendor/illuminate/container/Util.php(40): Illuminate\\Container\\BoundMethod::Illuminate\\Container\\{closure}()
#12 /var/www/order/vendor/illuminate/container/BoundMethod.php(81): Illuminate\\Container\\Util::unwrapIfClosure(Object(Closure))
#13 /var/www/order/vendor/illuminate/container/BoundMethod.php(37): Illuminate\\Container\\BoundMethod::callBoundMethod(Object(Laravel\\Lumen\\Application), Object(Closure), Object(Closure))
#14 /var/www/order/vendor/illuminate/container/Container.php(653): Illuminate\\Container\\BoundMethod::call(Object(Laravel\\Lumen\\Application), Object(Closure), Array, NULL)
#15 /var/www/order/vendor/laravel/lumen-framework/src/Concerns/RoutesRequests.php(302): Illuminate\\Container\\Container->call(Object(Closure), Array)
#16 /var/www/order/vendor/laravel/lumen-framework/src/Concerns/RoutesRequests.php(267): Laravel\\Lumen\\Application->callActionOnArrayBasedRoute(Array)
#17 /var/www/order/vendor/laravel/lumen-framework/src/Concerns/RoutesRequests.php(169): Laravel\\Lumen\\Application->handleFoundRoute(Array)
#18 /var/www/order/vendor/laravel/lumen-framework/src/Concerns/RoutesRequests.php(429): Laravel\\Lumen\\Application->Laravel\\Lumen\\Concerns\\{closure}(Object(Laravel\\Lumen\\Http\\Request))
#19 /var/www/order/vendor/laravel/lumen-framework/src/Concerns/RoutesRequests.php(175): Laravel\\Lumen\\Application->sendThroughPipeline(Array, Object(Closure))
#20 /var/www/order/vendor/laravel/lumen-framework/src/Concerns/RoutesRequests.php(112): Laravel\\Lumen\\Application->dispatch(NULL)
#21 /var/www/order/public/index.php(28): Laravel\\Lumen\\Application->run()
#22 {main}

[previous exception] [object] (PDOException(code: HY000): SQLSTATE[HY000]: General error: 1366 Incorrect integer value: 'John Doe' for column 'name' at row 1 at /var/www/order/vendor/illuminate/database/Connection.php:492)
[stacktrace]
#0 /var/www/order/vendor/illuminate/database/Connection.php(492): PDOStatement->execute()
#1 /var/www/order/vendor/illuminate/database/Connection.php(696): Illuminate\\Database\\Connection->Illuminate\\Database\\{closure}('insert into `us...', Array)
#2 /var/www/order/vendor/illuminate/database/Connection.php(663): Illuminate\\Database\\Connection->runQueryCallback('insert into `us...', Array, Object(Closure))
#3 /var/www/order/vendor/illuminate/database/Connection.php(493): Illuminate\\Database\\Connection->run('insert into `us...', Array, Object(Closure))
#4 /var/www/order/vendor/illuminate/database/Connection.php(445): Illuminate\\Database\\Connection->statement('insert into `us...', Array)
#5 /var/www/order/vendor/illuminate/database/Query/Processors/Processor.php(32): Illuminate\\Database\\Connection->insert('insert into `us...', Array)
#6 /var/www/order/vendor/illuminate/database/Query/Builder.php(2966): Illuminate\\Database\\Query\\Processors\\Processor->processInsertGetId(Object(Illuminate\\Database\\Query\\Builder), 'insert into `us...', Array, 'id')
#7 /var/www/order/vendor/illuminate/database/Eloquent/Builder.php(1642): Illuminate\\Database\\Query\\Builder->insertGetId(Array, 'id')
#8 /var/www/order/vendor/illuminate/database/Eloquent/Model.php(1188): Illuminate\\Database\\Eloquent\\Builder->__call('insertGetId', Array)
#9 /var/www/order/vendor/illuminate/database/Eloquent/Model.php(1153): Illuminate\\Database\\Eloquent\\Model->insertAndSetId(Object(Illuminate\\Database\\Eloquent\\Builder), Array)
#10 /var/www/order/vendor/illuminate/database/Eloquent/Model.php(994): Illuminate\\Database\\Eloquent\\Model->performInsert(Object(Illuminate\\Database\\Eloquent\\Builder))
#11 /var/www/order/routes/web.php(27): Illuminate\\Database\\Eloquent\\Model->save()
#12 /var/www/order/vendor/illuminate/container/BoundMethod.php(36): Closure->{closure}()
#13 /var/www/order/vendor/illuminate/container/Util.php(40): Illuminate\\Container\\BoundMethod::Illuminate\\Container\\{closure}()
#14 /var/www/order/vendor/illuminate/container/BoundMethod.php(81): Illuminate\\Container\\Util::unwrapIfClosure(Object(Closure))
#15 /var/www/order/vendor/illuminate/container/BoundMethod.php(37): Illuminate\\Container\\BoundMethod::callBoundMethod(Object(Laravel\\Lumen\\Application), Object(Closure), Object(Closure))
#16 /var/www/order/vendor/illuminate/container/Container.php(653): Illuminate\\Container\\BoundMethod::call(Object(Laravel\\Lumen\\Application), Object(Closure), Array, NULL)
#17 /var/www/order/vendor/laravel/lumen-framework/src/Concerns/RoutesRequests.php(302): Illuminate\\Container\\Container->call(Object(Closure), Array)
#18 /var/www/order/vendor/laravel/lumen-framework/src/Concerns/RoutesRequests.php(267): Laravel\\Lumen\\Application->callActionOnArrayBasedRoute(Array)
#19 /var/www/order/vendor/laravel/lumen-framework/src/Concerns/RoutesRequests.php(169): Laravel\\Lumen\\Application->handleFoundRoute(Array)
#20 /var/www/order/vendor/laravel/lumen-framework/src/Concerns/RoutesRequests.php(429): Laravel\\Lumen\\Application->Laravel\\Lumen\\Concerns\\{closure}(Object(Laravel\\Lumen\\Http\\Request))
#21 /var/www/order/vendor/laravel/lumen-framework/src/Concerns/RoutesRequests.php(175): Laravel\\Lumen\\Application->sendThroughPipeline(Array, Object(Closure))
#22 /var/www/order/vendor/laravel/lumen-framework/src/Concerns/RoutesRequests.php(112): Laravel\\Lumen\\Application->dispatch(NULL)
#23 /var/www/order/public/index.php(28): Laravel\\Lumen\\Application->run()
#24 {main}
"}
[2021-12-12 11:11:58] local.ERROR: SQLSTATE[22001]: String data, right truncated: 1406 Data too long for column 'email' at row 1 (SQL: insert into `users` (`name`, `email`, `updated_at`, `created_at`) values (John Doe, test@gmail.com, 2021-12-12 11:11:57, 2021-12-12 11:11:57)) {"exception":"[object] (Illuminate\\Database\\QueryException(code: 22001): SQLSTATE[22001]: String data, right truncated: 1406 Data too long for column 'email' at row 1 (SQL: insert into `users` (`name`, `email`, `updated_at`, `created_at`) values (John Doe, test@gmail.com, 2021-12-12 11:11:57, 2021-12-12 11:11:57)) at /var/www/order/vendor/illuminate/database/Connection.php:703)
[stacktrace]
#0 /var/www/order/vendor/illuminate/database/Connection.php(663): Illuminate\\Database\\Connection->runQueryCallback('insert into `us...', Array, Object(Closure))
#1 /var/www/order/vendor/illuminate/database/Connection.php(493): Illuminate\\Database\\Connection->run('insert into `us...', Array, Object(Closure))
#2 /var/www/order/vendor/illuminate/database/Connection.php(445): Illuminate\\Database\\Connection->statement('insert into `us...', Array)
#3 /var/www/order/vendor/illuminate/database/Query/Processors/Processor.php(32): Illuminate\\Database\\Connection->insert('insert into `us...', Array)
#4 /var/www/order/vendor/illuminate/database/Query/Builder.php(2966): Illuminate\\Database\\Query\\Processors\\Processor->processInsertGetId(Object(Illuminate\\Database\\Query\\Builder), 'insert into `us...', Array, 'id')
#5 /var/www/order/vendor/illuminate/database/Eloquent/Builder.php(1642): Illuminate\\Database\\Query\\Builder->insertGetId(Array, 'id')
#6 /var/www/order/vendor/illuminate/database/Eloquent/Model.php(1188): Illuminate\\Database\\Eloquent\\Builder->__call('insertGetId', Array)
#7 /var/www/order/vendor/illuminate/database/Eloquent/Model.php(1153): Illuminate\\Database\\Eloquent\\Model->insertAndSetId(Object(Illuminate\\Database\\Eloquent\\Builder), Array)
#8 /var/www/order/vendor/illuminate/database/Eloquent/Model.php(994): Illuminate\\Database\\Eloquent\\Model->performInsert(Object(Illuminate\\Database\\Eloquent\\Builder))
#9 /var/www/order/routes/web.php(27): Illuminate\\Database\\Eloquent\\Model->save()
#10 /var/www/order/vendor/illuminate/container/BoundMethod.php(36): Closure->{closure}()
#11 /var/www/order/vendor/illuminate/container/Util.php(40): Illuminate\\Container\\BoundMethod::Illuminate\\Container\\{closure}()
#12 /var/www/order/vendor/illuminate/container/BoundMethod.php(81): Illuminate\\Container\\Util::unwrapIfClosure(Object(Closure))
#13 /var/www/order/vendor/illuminate/container/BoundMethod.php(37): Illuminate\\Container\\BoundMethod::callBoundMethod(Object(Laravel\\Lumen\\Application), Object(Closure), Object(Closure))
#14 /var/www/order/vendor/illuminate/container/Container.php(653): Illuminate\\Container\\BoundMethod::call(Object(Laravel\\Lumen\\Application), Object(Closure), Array, NULL)
#15 /var/www/order/vendor/laravel/lumen-framework/src/Concerns/RoutesRequests.php(302): Illuminate\\Container\\Container->call(Object(Closure), Array)
#16 /var/www/order/vendor/laravel/lumen-framework/src/Concerns/RoutesRequests.php(267): Laravel\\Lumen\\Application->callActionOnArrayBasedRoute(Array)
#17 /var/www/order/vendor/laravel/lumen-framework/src/Concerns/RoutesRequests.php(169): Laravel\\Lumen\\Application->handleFoundRoute(Array)
#18 /var/www/order/vendor/laravel/lumen-framework/src/Concerns/RoutesRequests.php(429): Laravel\\Lumen\\Application->Laravel\\Lumen\\Concerns\\{closure}(Object(Laravel\\Lumen\\Http\\Request))
#19 /var/www/order/vendor/laravel/lumen-framework/src/Concerns/RoutesRequests.php(175): Laravel\\Lumen\\Application->sendThroughPipeline(Array, Object(Closure))
#20 /var/www/order/vendor/laravel/lumen-framework/src/Concerns/RoutesRequests.php(112): Laravel\\Lumen\\Application->dispatch(NULL)
#21 /var/www/order/public/index.php(28): Laravel\\Lumen\\Application->run()
#22 {main}

[previous exception] [object] (PDOException(code: 22001): SQLSTATE[22001]: String data, right truncated: 1406 Data too long for column 'email' at row 1 at /var/www/order/vendor/illuminate/database/Connection.php:492)
[stacktrace]
#0 /var/www/order/vendor/illuminate/database/Connection.php(492): PDOStatement->execute()
#1 /var/www/order/vendor/illuminate/database/Connection.php(696): Illuminate\\Database\\Connection->Illuminate\\Database\\{closure}('insert into `us...', Array)
#2 /var/www/order/vendor/illuminate/database/Connection.php(663): Illuminate\\Database\\Connection->runQueryCallback('insert into `us...', Array, Object(Closure))
#3 /var/www/order/vendor/illuminate/database/Connection.php(493): Illuminate\\Database\\Connection->run('insert into `us...', Array, Object(Closure))
#4 /var/www/order/vendor/illuminate/database/Connection.php(445): Illuminate\\Database\\Connection->statement('insert into `us...', Array)
#5 /var/www/order/vendor/illuminate/database/Query/Processors/Processor.php(32): Illuminate\\Database\\Connection->insert('insert into `us...', Array)
#6 /var/www/order/vendor/illuminate/database/Query/Builder.php(2966): Illuminate\\Database\\Query\\Processors\\Processor->processInsertGetId(Object(Illuminate\\Database\\Query\\Builder), 'insert into `us...', Array, 'id')
#7 /var/www/order/vendor/illuminate/database/Eloquent/Builder.php(1642): Illuminate\\Database\\Query\\Builder->insertGetId(Array, 'id')
#8 /var/www/order/vendor/illuminate/database/Eloquent/Model.php(1188): Illuminate\\Database\\Eloquent\\Builder->__call('insertGetId', Array)
#9 /var/www/order/vendor/illuminate/database/Eloquent/Model.php(1153): Illuminate\\Database\\Eloquent\\Model->insertAndSetId(Object(Illuminate\\Database\\Eloquent\\Builder), Array)
#10 /var/www/order/vendor/illuminate/database/Eloquent/Model.php(994): Illuminate\\Database\\Eloquent\\Model->performInsert(Object(Illuminate\\Database\\Eloquent\\Builder))
#11 /var/www/order/routes/web.php(27): Illuminate\\Database\\Eloquent\\Model->save()
#12 /var/www/order/vendor/illuminate/container/BoundMethod.php(36): Closure->{closure}()
#13 /var/www/order/vendor/illuminate/container/Util.php(40): Illuminate\\Container\\BoundMethod::Illuminate\\Container\\{closure}()
#14 /var/www/order/vendor/illuminate/container/BoundMethod.php(81): Illuminate\\Container\\Util::unwrapIfClosure(Object(Closure))
#15 /var/www/order/vendor/illuminate/container/BoundMethod.php(37): Illuminate\\Container\\BoundMethod::callBoundMethod(Object(Laravel\\Lumen\\Application), Object(Closure), Object(Closure))
#16 /var/www/order/vendor/illuminate/container/Container.php(653): Illuminate\\Container\\BoundMethod::call(Object(Laravel\\Lumen\\Application), Object(Closure), Array, NULL)
#17 /var/www/order/vendor/laravel/lumen-framework/src/Concerns/RoutesRequests.php(302): Illuminate\\Container\\Container->call(Object(Closure), Array)
#18 /var/www/order/vendor/laravel/lumen-framework/src/Concerns/RoutesRequests.php(267): Laravel\\Lumen\\Application->callActionOnArrayBasedRoute(Array)
#19 /var/www/order/vendor/laravel/lumen-framework/src/Concerns/RoutesRequests.php(169): Laravel\\Lumen\\Application->handleFoundRoute(Array)
#20 /var/www/order/vendor/laravel/lumen-framework/src/Concerns/RoutesRequests.php(429): Laravel\\Lumen\\Application->Laravel\\Lumen\\Concerns\\{closure}(Object(Laravel\\Lumen\\Http\\Request))
#21 /var/www/order/vendor/laravel/lumen-framework/src/Concerns/RoutesRequests.php(175): Laravel\\Lumen\\Application->sendThroughPipeline(Array, Object(Closure))
#22 /var/www/order/vendor/laravel/lumen-framework/src/Concerns/RoutesRequests.php(112): Laravel\\Lumen\\Application->dispatch(NULL)
#23 /var/www/order/public/index.php(28): Laravel\\Lumen\\Application->run()
#24 {main}
"}
