[2021-12-16 02:30:51] local.ERROR: SQLSTATE[HY000] [2002] php_network_getaddresses: getaddrinfo failed: Name or service not known (SQL: select * from `users` where `users`.`id` = 1 limit 1) {"exception":"[object] (Illuminate\\Database\\QueryException(code: 2002): SQLSTATE[HY000] [2002] php_network_getaddresses: getaddrinfo failed: Name or service not known (SQL: select * from `users` where `users`.`id` = 1 limit 1) at /var/www/order/vendor/illuminate/database/Connection.php:703)
[stacktrace]
#0 /var/www/order/vendor/illuminate/database/Connection.php(775): Illuminate\\Database\\Connection->runQueryCallback('select * from `...', Array, Object(Closure))
#1 /var/www/order/vendor/illuminate/database/Connection.php(755): Illuminate\\Database\\Connection->tryAgainIfCausedByLostConnection(Object(Illuminate\\Database\\QueryException), 'select * from `...', Array, Object(Closure))
#2 /var/www/order/vendor/illuminate/database/Connection.php(666): Illuminate\\Database\\Connection->handleQueryException(Object(Illuminate\\Database\\QueryException), 'select * from `...', Array, Object(Closure))
#3 /var/www/order/vendor/illuminate/database/Connection.php(367): Illuminate\\Database\\Connection->run('select * from `...', Array, Object(Closure))
#4 /var/www/order/vendor/illuminate/database/Query/Builder.php(2352): Illuminate\\Database\\Connection->select('select * from `...', Array, true)
#5 /var/www/order/vendor/illuminate/database/Query/Builder.php(2340): Illuminate\\Database\\Query\\Builder->runSelect()
#6 /var/www/order/vendor/illuminate/database/Query/Builder.php(2874): Illuminate\\Database\\Query\\Builder->Illuminate\\Database\\Query\\{closure}()
#7 /var/www/order/vendor/illuminate/database/Query/Builder.php(2341): Illuminate\\Database\\Query\\Builder->onceWithColumns(Array, Object(Closure))
#8 /var/www/order/vendor/illuminate/database/Eloquent/Builder.php(616): Illuminate\\Database\\Query\\Builder->get(Array)
#9 /var/www/order/vendor/illuminate/database/Eloquent/Builder.php(600): Illuminate\\Database\\Eloquent\\Builder->getModels(Array)
#10 /var/www/order/vendor/illuminate/database/Concerns/BuildsQueries.php(294): Illuminate\\Database\\Eloquent\\Builder->get(Array)
#11 /var/www/order/vendor/illuminate/database/Eloquent/Builder.php(391): Illuminate\\Database\\Eloquent\\Builder->first(Array)
#12 /var/www/order/vendor/illuminate/support/Traits/ForwardsCalls.php(23): Illuminate\\Database\\Eloquent\\Builder->find(1)
#13 /var/www/order/vendor/illuminate/database/Eloquent/Model.php(2117): Illuminate\\Database\\Eloquent\\Model->forwardCallTo(Object(Illuminate\\Database\\Eloquent\\Builder), 'find', Array)
#14 /var/www/order/routes/web.php(21): Illuminate\\Database\\Eloquent\\Model->__call('find', Array)
#15 /var/www/order/vendor/illuminate/container/BoundMethod.php(36): Closure->{closure}()
#16 /var/www/order/vendor/illuminate/container/Util.php(40): Illuminate\\Container\\BoundMethod::Illuminate\\Container\\{closure}()
#17 /var/www/order/vendor/illuminate/container/BoundMethod.php(81): Illuminate\\Container\\Util::unwrapIfClosure(Object(Closure))
#18 /var/www/order/vendor/illuminate/container/BoundMethod.php(37): Illuminate\\Container\\BoundMethod::callBoundMethod(Object(Laravel\\Lumen\\Application), Object(Closure), Object(Closure))
#19 /var/www/order/vendor/illuminate/container/Container.php(653): Illuminate\\Container\\BoundMethod::call(Object(Laravel\\Lumen\\Application), Object(Closure), Array, NULL)
#20 /var/www/order/vendor/laravel/lumen-framework/src/Concerns/RoutesRequests.php(302): Illuminate\\Container\\Container->call(Object(Closure), Array)
#21 /var/www/order/vendor/laravel/lumen-framework/src/Concerns/RoutesRequests.php(267): Laravel\\Lumen\\Application->callActionOnArrayBasedRoute(Array)
#22 /var/www/order/vendor/laravel/lumen-framework/src/Concerns/RoutesRequests.php(169): Laravel\\Lumen\\Application->handleFoundRoute(Array)
#23 /var/www/order/vendor/laravel/lumen-framework/src/Concerns/RoutesRequests.php(429): Laravel\\Lumen\\Application->Laravel\\Lumen\\Concerns\\{closure}(Object(Laravel\\Lumen\\Http\\Request))
#24 /var/www/order/vendor/laravel/lumen-framework/src/Concerns/RoutesRequests.php(175): Laravel\\Lumen\\Application->sendThroughPipeline(Array, Object(Closure))
#25 /var/www/order/vendor/laravel/lumen-framework/src/Concerns/RoutesRequests.php(112): Laravel\\Lumen\\Application->dispatch(NULL)
#26 /var/www/order/public/index.php(28): Laravel\\Lumen\\Application->run()
#27 {main}

[previous exception] [object] (PDOException(code: 2002): SQLSTATE[HY000] [2002] php_network_getaddresses: getaddrinfo failed: Name or service not known at /var/www/order/vendor/illuminate/database/Connectors/Connector.php:70)
[stacktrace]
#0 /var/www/order/vendor/illuminate/database/Connectors/Connector.php(70): PDO->__construct('mysql:host=data...', 'dev_user', 'dev_password', Array)
#1 /var/www/order/vendor/illuminate/database/Connectors/Connector.php(100): Illuminate\\Database\\Connectors\\Connector->createPdoConnection('mysql:host=data...', 'dev_user', 'dev_password', Array)
#2 /var/www/order/vendor/illuminate/database/Connectors/Connector.php(50): Illuminate\\Database\\Connectors\\Connector->tryAgainIfCausedByLostConnection(Object(PDOException), 'mysql:host=data...', 'dev_user', 'dev_password', Array)
#3 /var/www/order/vendor/illuminate/database/Connectors/MySqlConnector.php(24): Illuminate\\Database\\Connectors\\Connector->createConnection('mysql:host=data...', Array, Array)
#4 /var/www/order/vendor/illuminate/database/Connectors/ConnectionFactory.php(184): Illuminate\\Database\\Connectors\\MySqlConnector->connect(Array)
#5 [internal function]: Illuminate\\Database\\Connectors\\ConnectionFactory->Illuminate\\Database\\Connectors\\{closure}()
#6 /var/www/order/vendor/illuminate/database/Connection.php(1021): call_user_func(Object(Closure))
#7 /var/www/order/vendor/illuminate/database/Connection.php(1057): Illuminate\\Database\\Connection->getPdo()
#8 /var/www/order/vendor/illuminate/database/Connection.php(433): Illuminate\\Database\\Connection->getReadPdo()
#9 /var/www/order/vendor/illuminate/database/Connection.php(359): Illuminate\\Database\\Connection->getPdoForSelect(true)
#10 /var/www/order/vendor/illuminate/database/Connection.php(696): Illuminate\\Database\\Connection->Illuminate\\Database\\{closure}('select * from `...', Array)
#11 /var/www/order/vendor/illuminate/database/Connection.php(775): Illuminate\\Database\\Connection->runQueryCallback('select * from `...', Array, Object(Closure))
#12 /var/www/order/vendor/illuminate/database/Connection.php(755): Illuminate\\Database\\Connection->tryAgainIfCausedByLostConnection(Object(Illuminate\\Database\\QueryException), 'select * from `...', Array, Object(Closure))
#13 /var/www/order/vendor/illuminate/database/Connection.php(666): Illuminate\\Database\\Connection->handleQueryException(Object(Illuminate\\Database\\QueryException), 'select * from `...', Array, Object(Closure))
#14 /var/www/order/vendor/illuminate/database/Connection.php(367): Illuminate\\Database\\Connection->run('select * from `...', Array, Object(Closure))
#15 /var/www/order/vendor/illuminate/database/Query/Builder.php(2352): Illuminate\\Database\\Connection->select('select * from `...', Array, true)
#16 /var/www/order/vendor/illuminate/database/Query/Builder.php(2340): Illuminate\\Database\\Query\\Builder->runSelect()
#17 /var/www/order/vendor/illuminate/database/Query/Builder.php(2874): Illuminate\\Database\\Query\\Builder->Illuminate\\Database\\Query\\{closure}()
#18 /var/www/order/vendor/illuminate/database/Query/Builder.php(2341): Illuminate\\Database\\Query\\Builder->onceWithColumns(Array, Object(Closure))
#19 /var/www/order/vendor/illuminate/database/Eloquent/Builder.php(616): Illuminate\\Database\\Query\\Builder->get(Array)
#20 /var/www/order/vendor/illuminate/database/Eloquent/Builder.php(600): Illuminate\\Database\\Eloquent\\Builder->getModels(Array)
#21 /var/www/order/vendor/illuminate/database/Concerns/BuildsQueries.php(294): Illuminate\\Database\\Eloquent\\Builder->get(Array)
#22 /var/www/order/vendor/illuminate/database/Eloquent/Builder.php(391): Illuminate\\Database\\Eloquent\\Builder->first(Array)
#23 /var/www/order/vendor/illuminate/support/Traits/ForwardsCalls.php(23): Illuminate\\Database\\Eloquent\\Builder->find(1)
#24 /var/www/order/vendor/illuminate/database/Eloquent/Model.php(2117): Illuminate\\Database\\Eloquent\\Model->forwardCallTo(Object(Illuminate\\Database\\Eloquent\\Builder), 'find', Array)
#25 /var/www/order/routes/web.php(21): Illuminate\\Database\\Eloquent\\Model->__call('find', Array)
#26 /var/www/order/vendor/illuminate/container/BoundMethod.php(36): Closure->{closure}()
#27 /var/www/order/vendor/illuminate/container/Util.php(40): Illuminate\\Container\\BoundMethod::Illuminate\\Container\\{closure}()
#28 /var/www/order/vendor/illuminate/container/BoundMethod.php(81): Illuminate\\Container\\Util::unwrapIfClosure(Object(Closure))
#29 /var/www/order/vendor/illuminate/container/BoundMethod.php(37): Illuminate\\Container\\BoundMethod::callBoundMethod(Object(Laravel\\Lumen\\Application), Object(Closure), Object(Closure))
#30 /var/www/order/vendor/illuminate/container/Container.php(653): Illuminate\\Container\\BoundMethod::call(Object(Laravel\\Lumen\\Application), Object(Closure), Array, NULL)
#31 /var/www/order/vendor/laravel/lumen-framework/src/Concerns/RoutesRequests.php(302): Illuminate\\Container\\Container->call(Object(Closure), Array)
#32 /var/www/order/vendor/laravel/lumen-framework/src/Concerns/RoutesRequests.php(267): Laravel\\Lumen\\Application->callActionOnArrayBasedRoute(Array)
#33 /var/www/order/vendor/laravel/lumen-framework/src/Concerns/RoutesRequests.php(169): Laravel\\Lumen\\Application->handleFoundRoute(Array)
#34 /var/www/order/vendor/laravel/lumen-framework/src/Concerns/RoutesRequests.php(429): Laravel\\Lumen\\Application->Laravel\\Lumen\\Concerns\\{closure}(Object(Laravel\\Lumen\\Http\\Request))
#35 /var/www/order/vendor/laravel/lumen-framework/src/Concerns/RoutesRequests.php(175): Laravel\\Lumen\\Application->sendThroughPipeline(Array, Object(Closure))
#36 /var/www/order/vendor/laravel/lumen-framework/src/Concerns/RoutesRequests.php(112): Laravel\\Lumen\\Application->dispatch(NULL)
#37 /var/www/order/public/index.php(28): Laravel\\Lumen\\Application->run()
#38 {main}

[previous exception] [object] (PDOException(code: 0): PDO::__construct(): php_network_getaddresses: getaddrinfo failed: Name or service not known at /var/www/order/vendor/illuminate/database/Connectors/Connector.php:70)
[stacktrace]
#0 /var/www/order/vendor/illuminate/database/Connectors/Connector.php(70): PDO->__construct('mysql:host=data...', 'dev_user', 'dev_password', Array)
#1 /var/www/order/vendor/illuminate/database/Connectors/Connector.php(100): Illuminate\\Database\\Connectors\\Connector->createPdoConnection('mysql:host=data...', 'dev_user', 'dev_password', Array)
#2 /var/www/order/vendor/illuminate/database/Connectors/Connector.php(50): Illuminate\\Database\\Connectors\\Connector->tryAgainIfCausedByLostConnection(Object(PDOException), 'mysql:host=data...', 'dev_user', 'dev_password', Array)
#3 /var/www/order/vendor/illuminate/database/Connectors/MySqlConnector.php(24): Illuminate\\Database\\Connectors\\Connector->createConnection('mysql:host=data...', Array, Array)
#4 /var/www/order/vendor/illuminate/database/Connectors/ConnectionFactory.php(184): Illuminate\\Database\\Connectors\\MySqlConnector->connect(Array)
#5 [internal function]: Illuminate\\Database\\Connectors\\ConnectionFactory->Illuminate\\Database\\Connectors\\{closure}()
#6 /var/www/order/vendor/illuminate/database/Connection.php(1021): call_user_func(Object(Closure))
#7 /var/www/order/vendor/illuminate/database/Connection.php(1057): Illuminate\\Database\\Connection->getPdo()
#8 /var/www/order/vendor/illuminate/database/Connection.php(433): Illuminate\\Database\\Connection->getReadPdo()
#9 /var/www/order/vendor/illuminate/database/Connection.php(359): Illuminate\\Database\\Connection->getPdoForSelect(true)
#10 /var/www/order/vendor/illuminate/database/Connection.php(696): Illuminate\\Database\\Connection->Illuminate\\Database\\{closure}('select * from `...', Array)
#11 /var/www/order/vendor/illuminate/database/Connection.php(775): Illuminate\\Database\\Connection->runQueryCallback('select * from `...', Array, Object(Closure))
#12 /var/www/order/vendor/illuminate/database/Connection.php(755): Illuminate\\Database\\Connection->tryAgainIfCausedByLostConnection(Object(Illuminate\\Database\\QueryException), 'select * from `...', Array, Object(Closure))
#13 /var/www/order/vendor/illuminate/database/Connection.php(666): Illuminate\\Database\\Connection->handleQueryException(Object(Illuminate\\Database\\QueryException), 'select * from `...', Array, Object(Closure))
#14 /var/www/order/vendor/illuminate/database/Connection.php(367): Illuminate\\Database\\Connection->run('select * from `...', Array, Object(Closure))
#15 /var/www/order/vendor/illuminate/database/Query/Builder.php(2352): Illuminate\\Database\\Connection->select('select * from `...', Array, true)
#16 /var/www/order/vendor/illuminate/database/Query/Builder.php(2340): Illuminate\\Database\\Query\\Builder->runSelect()
#17 /var/www/order/vendor/illuminate/database/Query/Builder.php(2874): Illuminate\\Database\\Query\\Builder->Illuminate\\Database\\Query\\{closure}()
#18 /var/www/order/vendor/illuminate/database/Query/Builder.php(2341): Illuminate\\Database\\Query\\Builder->onceWithColumns(Array, Object(Closure))
#19 /var/www/order/vendor/illuminate/database/Eloquent/Builder.php(616): Illuminate\\Database\\Query\\Builder->get(Array)
#20 /var/www/order/vendor/illuminate/database/Eloquent/Builder.php(600): Illuminate\\Database\\Eloquent\\Builder->getModels(Array)
#21 /var/www/order/vendor/illuminate/database/Concerns/BuildsQueries.php(294): Illuminate\\Database\\Eloquent\\Builder->get(Array)
#22 /var/www/order/vendor/illuminate/database/Eloquent/Builder.php(391): Illuminate\\Database\\Eloquent\\Builder->first(Array)
#23 /var/www/order/vendor/illuminate/support/Traits/ForwardsCalls.php(23): Illuminate\\Database\\Eloquent\\Builder->find(1)
#24 /var/www/order/vendor/illuminate/database/Eloquent/Model.php(2117): Illuminate\\Database\\Eloquent\\Model->forwardCallTo(Object(Illuminate\\Database\\Eloquent\\Builder), 'find', Array)
#25 /var/www/order/routes/web.php(21): Illuminate\\Database\\Eloquent\\Model->__call('find', Array)
#26 /var/www/order/vendor/illuminate/container/BoundMethod.php(36): Closure->{closure}()
#27 /var/www/order/vendor/illuminate/container/Util.php(40): Illuminate\\Container\\BoundMethod::Illuminate\\Container\\{closure}()
#28 /var/www/order/vendor/illuminate/container/BoundMethod.php(81): Illuminate\\Container\\Util::unwrapIfClosure(Object(Closure))
#29 /var/www/order/vendor/illuminate/container/BoundMethod.php(37): Illuminate\\Container\\BoundMethod::callBoundMethod(Object(Laravel\\Lumen\\Application), Object(Closure), Object(Closure))
#30 /var/www/order/vendor/illuminate/container/Container.php(653): Illuminate\\Container\\BoundMethod::call(Object(Laravel\\Lumen\\Application), Object(Closure), Array, NULL)
#31 /var/www/order/vendor/laravel/lumen-framework/src/Concerns/RoutesRequests.php(302): Illuminate\\Container\\Container->call(Object(Closure), Array)
#32 /var/www/order/vendor/laravel/lumen-framework/src/Concerns/RoutesRequests.php(267): Laravel\\Lumen\\Application->callActionOnArrayBasedRoute(Array)
#33 /var/www/order/vendor/laravel/lumen-framework/src/Concerns/RoutesRequests.php(169): Laravel\\Lumen\\Application->handleFoundRoute(Array)
#34 /var/www/order/vendor/laravel/lumen-framework/src/Concerns/RoutesRequests.php(429): Laravel\\Lumen\\Application->Laravel\\Lumen\\Concerns\\{closure}(Object(Laravel\\Lumen\\Http\\Request))
#35 /var/www/order/vendor/laravel/lumen-framework/src/Concerns/RoutesRequests.php(175): Laravel\\Lumen\\Application->sendThroughPipeline(Array, Object(Closure))
#36 /var/www/order/vendor/laravel/lumen-framework/src/Concerns/RoutesRequests.php(112): Laravel\\Lumen\\Application->dispatch(NULL)
#37 /var/www/order/public/index.php(28): Laravel\\Lumen\\Application->run()
#38 {main}
"}
[2021-12-16 02:34:37] local.ERROR: SQLSTATE[HY000] [2002] php_network_getaddresses: getaddrinfo failed: Name or service not known (SQL: select * from `users` where `users`.`id` = 1 limit 1) {"exception":"[object] (Illuminate\\Database\\QueryException(code: 2002): SQLSTATE[HY000] [2002] php_network_getaddresses: getaddrinfo failed: Name or service not known (SQL: select * from `users` where `users`.`id` = 1 limit 1) at /var/www/order/vendor/illuminate/database/Connection.php:703)
[stacktrace]
#0 /var/www/order/vendor/illuminate/database/Connection.php(775): Illuminate\\Database\\Connection->runQueryCallback('select * from `...', Array, Object(Closure))
#1 /var/www/order/vendor/illuminate/database/Connection.php(755): Illuminate\\Database\\Connection->tryAgainIfCausedByLostConnection(Object(Illuminate\\Database\\QueryException), 'select * from `...', Array, Object(Closure))
#2 /var/www/order/vendor/illuminate/database/Connection.php(666): Illuminate\\Database\\Connection->handleQueryException(Object(Illuminate\\Database\\QueryException), 'select * from `...', Array, Object(Closure))
#3 /var/www/order/vendor/illuminate/database/Connection.php(367): Illuminate\\Database\\Connection->run('select * from `...', Array, Object(Closure))
#4 /var/www/order/vendor/illuminate/database/Query/Builder.php(2352): Illuminate\\Database\\Connection->select('select * from `...', Array, true)
#5 /var/www/order/vendor/illuminate/database/Query/Builder.php(2340): Illuminate\\Database\\Query\\Builder->runSelect()
#6 /var/www/order/vendor/illuminate/database/Query/Builder.php(2874): Illuminate\\Database\\Query\\Builder->Illuminate\\Database\\Query\\{closure}()
#7 /var/www/order/vendor/illuminate/database/Query/Builder.php(2341): Illuminate\\Database\\Query\\Builder->onceWithColumns(Array, Object(Closure))
#8 /var/www/order/vendor/illuminate/database/Eloquent/Builder.php(616): Illuminate\\Database\\Query\\Builder->get(Array)
#9 /var/www/order/vendor/illuminate/database/Eloquent/Builder.php(600): Illuminate\\Database\\Eloquent\\Builder->getModels(Array)
#10 /var/www/order/vendor/illuminate/database/Concerns/BuildsQueries.php(294): Illuminate\\Database\\Eloquent\\Builder->get(Array)
#11 /var/www/order/vendor/illuminate/database/Eloquent/Builder.php(391): Illuminate\\Database\\Eloquent\\Builder->first(Array)
#12 /var/www/order/vendor/illuminate/support/Traits/ForwardsCalls.php(23): Illuminate\\Database\\Eloquent\\Builder->find(1)
#13 /var/www/order/vendor/illuminate/database/Eloquent/Model.php(2117): Illuminate\\Database\\Eloquent\\Model->forwardCallTo(Object(Illuminate\\Database\\Eloquent\\Builder), 'find', Array)
#14 /var/www/order/routes/web.php(21): Illuminate\\Database\\Eloquent\\Model->__call('find', Array)
#15 /var/www/order/vendor/illuminate/container/BoundMethod.php(36): Closure->{closure}()
#16 /var/www/order/vendor/illuminate/container/Util.php(40): Illuminate\\Container\\BoundMethod::Illuminate\\Container\\{closure}()
#17 /var/www/order/vendor/illuminate/container/BoundMethod.php(81): Illuminate\\Container\\Util::unwrapIfClosure(Object(Closure))
#18 /var/www/order/vendor/illuminate/container/BoundMethod.php(37): Illuminate\\Container\\BoundMethod::callBoundMethod(Object(Laravel\\Lumen\\Application), Object(Closure), Object(Closure))
#19 /var/www/order/vendor/illuminate/container/Container.php(653): Illuminate\\Container\\BoundMethod::call(Object(Laravel\\Lumen\\Application), Object(Closure), Array, NULL)
#20 /var/www/order/vendor/laravel/lumen-framework/src/Concerns/RoutesRequests.php(302): Illuminate\\Container\\Container->call(Object(Closure), Array)
#21 /var/www/order/vendor/laravel/lumen-framework/src/Concerns/RoutesRequests.php(267): Laravel\\Lumen\\Application->callActionOnArrayBasedRoute(Array)
#22 /var/www/order/vendor/laravel/lumen-framework/src/Concerns/RoutesRequests.php(169): Laravel\\Lumen\\Application->handleFoundRoute(Array)
#23 /var/www/order/vendor/laravel/lumen-framework/src/Concerns/RoutesRequests.php(429): Laravel\\Lumen\\Application->Laravel\\Lumen\\Concerns\\{closure}(Object(Laravel\\Lumen\\Http\\Request))
#24 /var/www/order/vendor/laravel/lumen-framework/src/Concerns/RoutesRequests.php(175): Laravel\\Lumen\\Application->sendThroughPipeline(Array, Object(Closure))
#25 /var/www/order/vendor/laravel/lumen-framework/src/Concerns/RoutesRequests.php(112): Laravel\\Lumen\\Application->dispatch(NULL)
#26 /var/www/order/public/index.php(28): Laravel\\Lumen\\Application->run()
#27 {main}

[previous exception] [object] (PDOException(code: 2002): SQLSTATE[HY000] [2002] php_network_getaddresses: getaddrinfo failed: Name or service not known at /var/www/order/vendor/illuminate/database/Connectors/Connector.php:70)
[stacktrace]
#0 /var/www/order/vendor/illuminate/database/Connectors/Connector.php(70): PDO->__construct('mysql:host=data...', 'dev_user', 'dev_password', Array)
#1 /var/www/order/vendor/illuminate/database/Connectors/Connector.php(100): Illuminate\\Database\\Connectors\\Connector->createPdoConnection('mysql:host=data...', 'dev_user', 'dev_password', Array)
#2 /var/www/order/vendor/illuminate/database/Connectors/Connector.php(50): Illuminate\\Database\\Connectors\\Connector->tryAgainIfCausedByLostConnection(Object(PDOException), 'mysql:host=data...', 'dev_user', 'dev_password', Array)
#3 /var/www/order/vendor/illuminate/database/Connectors/MySqlConnector.php(24): Illuminate\\Database\\Connectors\\Connector->createConnection('mysql:host=data...', Array, Array)
#4 /var/www/order/vendor/illuminate/database/Connectors/ConnectionFactory.php(184): Illuminate\\Database\\Connectors\\MySqlConnector->connect(Array)
#5 [internal function]: Illuminate\\Database\\Connectors\\ConnectionFactory->Illuminate\\Database\\Connectors\\{closure}()
#6 /var/www/order/vendor/illuminate/database/Connection.php(1021): call_user_func(Object(Closure))
#7 /var/www/order/vendor/illuminate/database/Connection.php(1057): Illuminate\\Database\\Connection->getPdo()
#8 /var/www/order/vendor/illuminate/database/Connection.php(433): Illuminate\\Database\\Connection->getReadPdo()
#9 /var/www/order/vendor/illuminate/database/Connection.php(359): Illuminate\\Database\\Connection->getPdoForSelect(true)
#10 /var/www/order/vendor/illuminate/database/Connection.php(696): Illuminate\\Database\\Connection->Illuminate\\Database\\{closure}('select * from `...', Array)
#11 /var/www/order/vendor/illuminate/database/Connection.php(775): Illuminate\\Database\\Connection->runQueryCallback('select * from `...', Array, Object(Closure))
#12 /var/www/order/vendor/illuminate/database/Connection.php(755): Illuminate\\Database\\Connection->tryAgainIfCausedByLostConnection(Object(Illuminate\\Database\\QueryException), 'select * from `...', Array, Object(Closure))
#13 /var/www/order/vendor/illuminate/database/Connection.php(666): Illuminate\\Database\\Connection->handleQueryException(Object(Illuminate\\Database\\QueryException), 'select * from `...', Array, Object(Closure))
#14 /var/www/order/vendor/illuminate/database/Connection.php(367): Illuminate\\Database\\Connection->run('select * from `...', Array, Object(Closure))
#15 /var/www/order/vendor/illuminate/database/Query/Builder.php(2352): Illuminate\\Database\\Connection->select('select * from `...', Array, true)
#16 /var/www/order/vendor/illuminate/database/Query/Builder.php(2340): Illuminate\\Database\\Query\\Builder->runSelect()
#17 /var/www/order/vendor/illuminate/database/Query/Builder.php(2874): Illuminate\\Database\\Query\\Builder->Illuminate\\Database\\Query\\{closure}()
#18 /var/www/order/vendor/illuminate/database/Query/Builder.php(2341): Illuminate\\Database\\Query\\Builder->onceWithColumns(Array, Object(Closure))
#19 /var/www/order/vendor/illuminate/database/Eloquent/Builder.php(616): Illuminate\\Database\\Query\\Builder->get(Array)
#20 /var/www/order/vendor/illuminate/database/Eloquent/Builder.php(600): Illuminate\\Database\\Eloquent\\Builder->getModels(Array)
#21 /var/www/order/vendor/illuminate/database/Concerns/BuildsQueries.php(294): Illuminate\\Database\\Eloquent\\Builder->get(Array)
#22 /var/www/order/vendor/illuminate/database/Eloquent/Builder.php(391): Illuminate\\Database\\Eloquent\\Builder->first(Array)
#23 /var/www/order/vendor/illuminate/support/Traits/ForwardsCalls.php(23): Illuminate\\Database\\Eloquent\\Builder->find(1)
#24 /var/www/order/vendor/illuminate/database/Eloquent/Model.php(2117): Illuminate\\Database\\Eloquent\\Model->forwardCallTo(Object(Illuminate\\Database\\Eloquent\\Builder), 'find', Array)
#25 /var/www/order/routes/web.php(21): Illuminate\\Database\\Eloquent\\Model->__call('find', Array)
#26 /var/www/order/vendor/illuminate/container/BoundMethod.php(36): Closure->{closure}()
#27 /var/www/order/vendor/illuminate/container/Util.php(40): Illuminate\\Container\\BoundMethod::Illuminate\\Container\\{closure}()
#28 /var/www/order/vendor/illuminate/container/BoundMethod.php(81): Illuminate\\Container\\Util::unwrapIfClosure(Object(Closure))
#29 /var/www/order/vendor/illuminate/container/BoundMethod.php(37): Illuminate\\Container\\BoundMethod::callBoundMethod(Object(Laravel\\Lumen\\Application), Object(Closure), Object(Closure))
#30 /var/www/order/vendor/illuminate/container/Container.php(653): Illuminate\\Container\\BoundMethod::call(Object(Laravel\\Lumen\\Application), Object(Closure), Array, NULL)
#31 /var/www/order/vendor/laravel/lumen-framework/src/Concerns/RoutesRequests.php(302): Illuminate\\Container\\Container->call(Object(Closure), Array)
#32 /var/www/order/vendor/laravel/lumen-framework/src/Concerns/RoutesRequests.php(267): Laravel\\Lumen\\Application->callActionOnArrayBasedRoute(Array)
#33 /var/www/order/vendor/laravel/lumen-framework/src/Concerns/RoutesRequests.php(169): Laravel\\Lumen\\Application->handleFoundRoute(Array)
#34 /var/www/order/vendor/laravel/lumen-framework/src/Concerns/RoutesRequests.php(429): Laravel\\Lumen\\Application->Laravel\\Lumen\\Concerns\\{closure}(Object(Laravel\\Lumen\\Http\\Request))
#35 /var/www/order/vendor/laravel/lumen-framework/src/Concerns/RoutesRequests.php(175): Laravel\\Lumen\\Application->sendThroughPipeline(Array, Object(Closure))
#36 /var/www/order/vendor/laravel/lumen-framework/src/Concerns/RoutesRequests.php(112): Laravel\\Lumen\\Application->dispatch(NULL)
#37 /var/www/order/public/index.php(28): Laravel\\Lumen\\Application->run()
#38 {main}

[previous exception] [object] (PDOException(code: 0): PDO::__construct(): php_network_getaddresses: getaddrinfo failed: Name or service not known at /var/www/order/vendor/illuminate/database/Connectors/Connector.php:70)
[stacktrace]
#0 /var/www/order/vendor/illuminate/database/Connectors/Connector.php(70): PDO->__construct('mysql:host=data...', 'dev_user', 'dev_password', Array)
#1 /var/www/order/vendor/illuminate/database/Connectors/Connector.php(100): Illuminate\\Database\\Connectors\\Connector->createPdoConnection('mysql:host=data...', 'dev_user', 'dev_password', Array)
#2 /var/www/order/vendor/illuminate/database/Connectors/Connector.php(50): Illuminate\\Database\\Connectors\\Connector->tryAgainIfCausedByLostConnection(Object(PDOException), 'mysql:host=data...', 'dev_user', 'dev_password', Array)
#3 /var/www/order/vendor/illuminate/database/Connectors/MySqlConnector.php(24): Illuminate\\Database\\Connectors\\Connector->createConnection('mysql:host=data...', Array, Array)
#4 /var/www/order/vendor/illuminate/database/Connectors/ConnectionFactory.php(184): Illuminate\\Database\\Connectors\\MySqlConnector->connect(Array)
#5 [internal function]: Illuminate\\Database\\Connectors\\ConnectionFactory->Illuminate\\Database\\Connectors\\{closure}()
#6 /var/www/order/vendor/illuminate/database/Connection.php(1021): call_user_func(Object(Closure))
#7 /var/www/order/vendor/illuminate/database/Connection.php(1057): Illuminate\\Database\\Connection->getPdo()
#8 /var/www/order/vendor/illuminate/database/Connection.php(433): Illuminate\\Database\\Connection->getReadPdo()
#9 /var/www/order/vendor/illuminate/database/Connection.php(359): Illuminate\\Database\\Connection->getPdoForSelect(true)
#10 /var/www/order/vendor/illuminate/database/Connection.php(696): Illuminate\\Database\\Connection->Illuminate\\Database\\{closure}('select * from `...', Array)
#11 /var/www/order/vendor/illuminate/database/Connection.php(775): Illuminate\\Database\\Connection->runQueryCallback('select * from `...', Array, Object(Closure))
#12 /var/www/order/vendor/illuminate/database/Connection.php(755): Illuminate\\Database\\Connection->tryAgainIfCausedByLostConnection(Object(Illuminate\\Database\\QueryException), 'select * from `...', Array, Object(Closure))
#13 /var/www/order/vendor/illuminate/database/Connection.php(666): Illuminate\\Database\\Connection->handleQueryException(Object(Illuminate\\Database\\QueryException), 'select * from `...', Array, Object(Closure))
#14 /var/www/order/vendor/illuminate/database/Connection.php(367): Illuminate\\Database\\Connection->run('select * from `...', Array, Object(Closure))
#15 /var/www/order/vendor/illuminate/database/Query/Builder.php(2352): Illuminate\\Database\\Connection->select('select * from `...', Array, true)
#16 /var/www/order/vendor/illuminate/database/Query/Builder.php(2340): Illuminate\\Database\\Query\\Builder->runSelect()
#17 /var/www/order/vendor/illuminate/database/Query/Builder.php(2874): Illuminate\\Database\\Query\\Builder->Illuminate\\Database\\Query\\{closure}()
#18 /var/www/order/vendor/illuminate/database/Query/Builder.php(2341): Illuminate\\Database\\Query\\Builder->onceWithColumns(Array, Object(Closure))
#19 /var/www/order/vendor/illuminate/database/Eloquent/Builder.php(616): Illuminate\\Database\\Query\\Builder->get(Array)
#20 /var/www/order/vendor/illuminate/database/Eloquent/Builder.php(600): Illuminate\\Database\\Eloquent\\Builder->getModels(Array)
#21 /var/www/order/vendor/illuminate/database/Concerns/BuildsQueries.php(294): Illuminate\\Database\\Eloquent\\Builder->get(Array)
#22 /var/www/order/vendor/illuminate/database/Eloquent/Builder.php(391): Illuminate\\Database\\Eloquent\\Builder->first(Array)
#23 /var/www/order/vendor/illuminate/support/Traits/ForwardsCalls.php(23): Illuminate\\Database\\Eloquent\\Builder->find(1)
#24 /var/www/order/vendor/illuminate/database/Eloquent/Model.php(2117): Illuminate\\Database\\Eloquent\\Model->forwardCallTo(Object(Illuminate\\Database\\Eloquent\\Builder), 'find', Array)
#25 /var/www/order/routes/web.php(21): Illuminate\\Database\\Eloquent\\Model->__call('find', Array)
#26 /var/www/order/vendor/illuminate/container/BoundMethod.php(36): Closure->{closure}()
#27 /var/www/order/vendor/illuminate/container/Util.php(40): Illuminate\\Container\\BoundMethod::Illuminate\\Container\\{closure}()
#28 /var/www/order/vendor/illuminate/container/BoundMethod.php(81): Illuminate\\Container\\Util::unwrapIfClosure(Object(Closure))
#29 /var/www/order/vendor/illuminate/container/BoundMethod.php(37): Illuminate\\Container\\BoundMethod::callBoundMethod(Object(Laravel\\Lumen\\Application), Object(Closure), Object(Closure))
#30 /var/www/order/vendor/illuminate/container/Container.php(653): Illuminate\\Container\\BoundMethod::call(Object(Laravel\\Lumen\\Application), Object(Closure), Array, NULL)
#31 /var/www/order/vendor/laravel/lumen-framework/src/Concerns/RoutesRequests.php(302): Illuminate\\Container\\Container->call(Object(Closure), Array)
#32 /var/www/order/vendor/laravel/lumen-framework/src/Concerns/RoutesRequests.php(267): Laravel\\Lumen\\Application->callActionOnArrayBasedRoute(Array)
#33 /var/www/order/vendor/laravel/lumen-framework/src/Concerns/RoutesRequests.php(169): Laravel\\Lumen\\Application->handleFoundRoute(Array)
#34 /var/www/order/vendor/laravel/lumen-framework/src/Concerns/RoutesRequests.php(429): Laravel\\Lumen\\Application->Laravel\\Lumen\\Concerns\\{closure}(Object(Laravel\\Lumen\\Http\\Request))
#35 /var/www/order/vendor/laravel/lumen-framework/src/Concerns/RoutesRequests.php(175): Laravel\\Lumen\\Application->sendThroughPipeline(Array, Object(Closure))
#36 /var/www/order/vendor/laravel/lumen-framework/src/Concerns/RoutesRequests.php(112): Laravel\\Lumen\\Application->dispatch(NULL)
#37 /var/www/order/public/index.php(28): Laravel\\Lumen\\Application->run()
#38 {main}
"}
[2021-12-16 02:36:53] local.ERROR: SQLSTATE[42S02]: Base table or view not found: 1146 Table 'dev_db.users' doesn't exist (SQL: select * from `users` where `users`.`id` = 1 limit 1) {"exception":"[object] (Illuminate\\Database\\QueryException(code: 42S02): SQLSTATE[42S02]: Base table or view not found: 1146 Table 'dev_db.users' doesn't exist (SQL: select * from `users` where `users`.`id` = 1 limit 1) at /var/www/order/vendor/illuminate/database/Connection.php:703)
[stacktrace]
#0 /var/www/order/vendor/illuminate/database/Connection.php(663): Illuminate\\Database\\Connection->runQueryCallback('select * from `...', Array, Object(Closure))
#1 /var/www/order/vendor/illuminate/database/Connection.php(367): Illuminate\\Database\\Connection->run('select * from `...', Array, Object(Closure))
#2 /var/www/order/vendor/illuminate/database/Query/Builder.php(2352): Illuminate\\Database\\Connection->select('select * from `...', Array, true)
#3 /var/www/order/vendor/illuminate/database/Query/Builder.php(2340): Illuminate\\Database\\Query\\Builder->runSelect()
#4 /var/www/order/vendor/illuminate/database/Query/Builder.php(2874): Illuminate\\Database\\Query\\Builder->Illuminate\\Database\\Query\\{closure}()
#5 /var/www/order/vendor/illuminate/database/Query/Builder.php(2341): Illuminate\\Database\\Query\\Builder->onceWithColumns(Array, Object(Closure))
#6 /var/www/order/vendor/illuminate/database/Eloquent/Builder.php(616): Illuminate\\Database\\Query\\Builder->get(Array)
#7 /var/www/order/vendor/illuminate/database/Eloquent/Builder.php(600): Illuminate\\Database\\Eloquent\\Builder->getModels(Array)
#8 /var/www/order/vendor/illuminate/database/Concerns/BuildsQueries.php(294): Illuminate\\Database\\Eloquent\\Builder->get(Array)
#9 /var/www/order/vendor/illuminate/database/Eloquent/Builder.php(391): Illuminate\\Database\\Eloquent\\Builder->first(Array)
#10 /var/www/order/vendor/illuminate/support/Traits/ForwardsCalls.php(23): Illuminate\\Database\\Eloquent\\Builder->find(1)
#11 /var/www/order/vendor/illuminate/database/Eloquent/Model.php(2117): Illuminate\\Database\\Eloquent\\Model->forwardCallTo(Object(Illuminate\\Database\\Eloquent\\Builder), 'find', Array)
#12 /var/www/order/routes/web.php(21): Illuminate\\Database\\Eloquent\\Model->__call('find', Array)
#13 /var/www/order/vendor/illuminate/container/BoundMethod.php(36): Closure->{closure}()
#14 /var/www/order/vendor/illuminate/container/Util.php(40): Illuminate\\Container\\BoundMethod::Illuminate\\Container\\{closure}()
#15 /var/www/order/vendor/illuminate/container/BoundMethod.php(81): Illuminate\\Container\\Util::unwrapIfClosure(Object(Closure))
#16 /var/www/order/vendor/illuminate/container/BoundMethod.php(37): Illuminate\\Container\\BoundMethod::callBoundMethod(Object(Laravel\\Lumen\\Application), Object(Closure), Object(Closure))
#17 /var/www/order/vendor/illuminate/container/Container.php(653): Illuminate\\Container\\BoundMethod::call(Object(Laravel\\Lumen\\Application), Object(Closure), Array, NULL)
#18 /var/www/order/vendor/laravel/lumen-framework/src/Concerns/RoutesRequests.php(302): Illuminate\\Container\\Container->call(Object(Closure), Array)
#19 /var/www/order/vendor/laravel/lumen-framework/src/Concerns/RoutesRequests.php(267): Laravel\\Lumen\\Application->callActionOnArrayBasedRoute(Array)
#20 /var/www/order/vendor/laravel/lumen-framework/src/Concerns/RoutesRequests.php(169): Laravel\\Lumen\\Application->handleFoundRoute(Array)
#21 /var/www/order/vendor/laravel/lumen-framework/src/Concerns/RoutesRequests.php(429): Laravel\\Lumen\\Application->Laravel\\Lumen\\Concerns\\{closure}(Object(Laravel\\Lumen\\Http\\Request))
#22 /var/www/order/vendor/laravel/lumen-framework/src/Concerns/RoutesRequests.php(175): Laravel\\Lumen\\Application->sendThroughPipeline(Array, Object(Closure))
#23 /var/www/order/vendor/laravel/lumen-framework/src/Concerns/RoutesRequests.php(112): Laravel\\Lumen\\Application->dispatch(NULL)
#24 /var/www/order/public/index.php(28): Laravel\\Lumen\\Application->run()
#25 {main}

[previous exception] [object] (PDOException(code: 42S02): SQLSTATE[42S02]: Base table or view not found: 1146 Table 'dev_db.users' doesn't exist at /var/www/order/vendor/illuminate/database/Connection.php:359)
[stacktrace]
#0 /var/www/order/vendor/illuminate/database/Connection.php(359): PDO->prepare('select * from `...')
#1 /var/www/order/vendor/illuminate/database/Connection.php(696): Illuminate\\Database\\Connection->Illuminate\\Database\\{closure}('select * from `...', Array)
#2 /var/www/order/vendor/illuminate/database/Connection.php(663): Illuminate\\Database\\Connection->runQueryCallback('select * from `...', Array, Object(Closure))
#3 /var/www/order/vendor/illuminate/database/Connection.php(367): Illuminate\\Database\\Connection->run('select * from `...', Array, Object(Closure))
#4 /var/www/order/vendor/illuminate/database/Query/Builder.php(2352): Illuminate\\Database\\Connection->select('select * from `...', Array, true)
#5 /var/www/order/vendor/illuminate/database/Query/Builder.php(2340): Illuminate\\Database\\Query\\Builder->runSelect()
#6 /var/www/order/vendor/illuminate/database/Query/Builder.php(2874): Illuminate\\Database\\Query\\Builder->Illuminate\\Database\\Query\\{closure}()
#7 /var/www/order/vendor/illuminate/database/Query/Builder.php(2341): Illuminate\\Database\\Query\\Builder->onceWithColumns(Array, Object(Closure))
#8 /var/www/order/vendor/illuminate/database/Eloquent/Builder.php(616): Illuminate\\Database\\Query\\Builder->get(Array)
#9 /var/www/order/vendor/illuminate/database/Eloquent/Builder.php(600): Illuminate\\Database\\Eloquent\\Builder->getModels(Array)
#10 /var/www/order/vendor/illuminate/database/Concerns/BuildsQueries.php(294): Illuminate\\Database\\Eloquent\\Builder->get(Array)
#11 /var/www/order/vendor/illuminate/database/Eloquent/Builder.php(391): Illuminate\\Database\\Eloquent\\Builder->first(Array)
#12 /var/www/order/vendor/illuminate/support/Traits/ForwardsCalls.php(23): Illuminate\\Database\\Eloquent\\Builder->find(1)
#13 /var/www/order/vendor/illuminate/database/Eloquent/Model.php(2117): Illuminate\\Database\\Eloquent\\Model->forwardCallTo(Object(Illuminate\\Database\\Eloquent\\Builder), 'find', Array)
#14 /var/www/order/routes/web.php(21): Illuminate\\Database\\Eloquent\\Model->__call('find', Array)
#15 /var/www/order/vendor/illuminate/container/BoundMethod.php(36): Closure->{closure}()
#16 /var/www/order/vendor/illuminate/container/Util.php(40): Illuminate\\Container\\BoundMethod::Illuminate\\Container\\{closure}()
#17 /var/www/order/vendor/illuminate/container/BoundMethod.php(81): Illuminate\\Container\\Util::unwrapIfClosure(Object(Closure))
#18 /var/www/order/vendor/illuminate/container/BoundMethod.php(37): Illuminate\\Container\\BoundMethod::callBoundMethod(Object(Laravel\\Lumen\\Application), Object(Closure), Object(Closure))
#19 /var/www/order/vendor/illuminate/container/Container.php(653): Illuminate\\Container\\BoundMethod::call(Object(Laravel\\Lumen\\Application), Object(Closure), Array, NULL)
#20 /var/www/order/vendor/laravel/lumen-framework/src/Concerns/RoutesRequests.php(302): Illuminate\\Container\\Container->call(Object(Closure), Array)
#21 /var/www/order/vendor/laravel/lumen-framework/src/Concerns/RoutesRequests.php(267): Laravel\\Lumen\\Application->callActionOnArrayBasedRoute(Array)
#22 /var/www/order/vendor/laravel/lumen-framework/src/Concerns/RoutesRequests.php(169): Laravel\\Lumen\\Application->handleFoundRoute(Array)
#23 /var/www/order/vendor/laravel/lumen-framework/src/Concerns/RoutesRequests.php(429): Laravel\\Lumen\\Application->Laravel\\Lumen\\Concerns\\{closure}(Object(Laravel\\Lumen\\Http\\Request))
#24 /var/www/order/vendor/laravel/lumen-framework/src/Concerns/RoutesRequests.php(175): Laravel\\Lumen\\Application->sendThroughPipeline(Array, Object(Closure))
#25 /var/www/order/vendor/laravel/lumen-framework/src/Concerns/RoutesRequests.php(112): Laravel\\Lumen\\Application->dispatch(NULL)
#26 /var/www/order/public/index.php(28): Laravel\\Lumen\\Application->run()
#27 {main}
"}
[2021-12-16 22:49:34] local.ERROR: SQLSTATE[42S02]: Base table or view not found: 1146 Table 'dev_db.users' doesn't exist (SQL: insert into `users` (`name`, `updated_at`, `created_at`) values (John Doe, 2021-12-16 22:49:33, 2021-12-16 22:49:33)) {"exception":"[object] (Illuminate\\Database\\QueryException(code: 42S02): SQLSTATE[42S02]: Base table or view not found: 1146 Table 'dev_db.users' doesn't exist (SQL: insert into `users` (`name`, `updated_at`, `created_at`) values (John Doe, 2021-12-16 22:49:33, 2021-12-16 22:49:33)) at /var/www/order/vendor/illuminate/database/Connection.php:703)
[stacktrace]
#0 /var/www/order/vendor/illuminate/database/Connection.php(663): Illuminate\\Database\\Connection->runQueryCallback('insert into `us...', Array, Object(Closure))
#1 /var/www/order/vendor/illuminate/database/Connection.php(493): Illuminate\\Database\\Connection->run('insert into `us...', Array, Object(Closure))
#2 /var/www/order/vendor/illuminate/database/Connection.php(445): Illuminate\\Database\\Connection->statement('insert into `us...', Array)
#3 /var/www/order/vendor/illuminate/database/Query/Processors/Processor.php(32): Illuminate\\Database\\Connection->insert('insert into `us...', Array)
#4 /var/www/order/vendor/illuminate/database/Query/Builder.php(2966): Illuminate\\Database\\Query\\Processors\\Processor->processInsertGetId(Object(Illuminate\\Database\\Query\\Builder), 'insert into `us...', Array, 'id')
#5 /var/www/order/vendor/illuminate/database/Eloquent/Builder.php(1642): Illuminate\\Database\\Query\\Builder->insertGetId(Array, 'id')
#6 /var/www/order/vendor/illuminate/database/Eloquent/Model.php(1188): Illuminate\\Database\\Eloquent\\Builder->__call('insertGetId', Array)
#7 /var/www/order/vendor/illuminate/database/Eloquent/Model.php(1153): Illuminate\\Database\\Eloquent\\Model->insertAndSetId(Object(Illuminate\\Database\\Eloquent\\Builder), Array)
#8 /var/www/order/vendor/illuminate/database/Eloquent/Model.php(994): Illuminate\\Database\\Eloquent\\Model->performInsert(Object(Illuminate\\Database\\Eloquent\\Builder))
#9 /var/www/order/routes/web.php(28): Illuminate\\Database\\Eloquent\\Model->save()
#10 /var/www/order/vendor/illuminate/container/BoundMethod.php(36): Closure->{closure}()
#11 /var/www/order/vendor/illuminate/container/Util.php(40): Illuminate\\Container\\BoundMethod::Illuminate\\Container\\{closure}()
#12 /var/www/order/vendor/illuminate/container/BoundMethod.php(81): Illuminate\\Container\\Util::unwrapIfClosure(Object(Closure))
#13 /var/www/order/vendor/illuminate/container/BoundMethod.php(37): Illuminate\\Container\\BoundMethod::callBoundMethod(Object(Laravel\\Lumen\\Application), Object(Closure), Object(Closure))
#14 /var/www/order/vendor/illuminate/container/Container.php(653): Illuminate\\Container\\BoundMethod::call(Object(Laravel\\Lumen\\Application), Object(Closure), Array, NULL)
#15 /var/www/order/vendor/laravel/lumen-framework/src/Concerns/RoutesRequests.php(302): Illuminate\\Container\\Container->call(Object(Closure), Array)
#16 /var/www/order/vendor/laravel/lumen-framework/src/Concerns/RoutesRequests.php(267): Laravel\\Lumen\\Application->callActionOnArrayBasedRoute(Array)
#17 /var/www/order/vendor/laravel/lumen-framework/src/Concerns/RoutesRequests.php(169): Laravel\\Lumen\\Application->handleFoundRoute(Array)
#18 /var/www/order/vendor/laravel/lumen-framework/src/Concerns/RoutesRequests.php(429): Laravel\\Lumen\\Application->Laravel\\Lumen\\Concerns\\{closure}(Object(Laravel\\Lumen\\Http\\Request))
#19 /var/www/order/vendor/laravel/lumen-framework/src/Concerns/RoutesRequests.php(175): Laravel\\Lumen\\Application->sendThroughPipeline(Array, Object(Closure))
#20 /var/www/order/vendor/laravel/lumen-framework/src/Concerns/RoutesRequests.php(112): Laravel\\Lumen\\Application->dispatch(NULL)
#21 /var/www/order/public/index.php(28): Laravel\\Lumen\\Application->run()
#22 {main}

[previous exception] [object] (PDOException(code: 42S02): SQLSTATE[42S02]: Base table or view not found: 1146 Table 'dev_db.users' doesn't exist at /var/www/order/vendor/illuminate/database/Connection.php:486)
[stacktrace]
#0 /var/www/order/vendor/illuminate/database/Connection.php(486): PDO->prepare('insert into `us...')
#1 /var/www/order/vendor/illuminate/database/Connection.php(696): Illuminate\\Database\\Connection->Illuminate\\Database\\{closure}('insert into `us...', Array)
#2 /var/www/order/vendor/illuminate/database/Connection.php(663): Illuminate\\Database\\Connection->runQueryCallback('insert into `us...', Array, Object(Closure))
#3 /var/www/order/vendor/illuminate/database/Connection.php(493): Illuminate\\Database\\Connection->run('insert into `us...', Array, Object(Closure))
#4 /var/www/order/vendor/illuminate/database/Connection.php(445): Illuminate\\Database\\Connection->statement('insert into `us...', Array)
#5 /var/www/order/vendor/illuminate/database/Query/Processors/Processor.php(32): Illuminate\\Database\\Connection->insert('insert into `us...', Array)
#6 /var/www/order/vendor/illuminate/database/Query/Builder.php(2966): Illuminate\\Database\\Query\\Processors\\Processor->processInsertGetId(Object(Illuminate\\Database\\Query\\Builder), 'insert into `us...', Array, 'id')
#7 /var/www/order/vendor/illuminate/database/Eloquent/Builder.php(1642): Illuminate\\Database\\Query\\Builder->insertGetId(Array, 'id')
#8 /var/www/order/vendor/illuminate/database/Eloquent/Model.php(1188): Illuminate\\Database\\Eloquent\\Builder->__call('insertGetId', Array)
#9 /var/www/order/vendor/illuminate/database/Eloquent/Model.php(1153): Illuminate\\Database\\Eloquent\\Model->insertAndSetId(Object(Illuminate\\Database\\Eloquent\\Builder), Array)
#10 /var/www/order/vendor/illuminate/database/Eloquent/Model.php(994): Illuminate\\Database\\Eloquent\\Model->performInsert(Object(Illuminate\\Database\\Eloquent\\Builder))
#11 /var/www/order/routes/web.php(28): Illuminate\\Database\\Eloquent\\Model->save()
#12 /var/www/order/vendor/illuminate/container/BoundMethod.php(36): Closure->{closure}()
#13 /var/www/order/vendor/illuminate/container/Util.php(40): Illuminate\\Container\\BoundMethod::Illuminate\\Container\\{closure}()
#14 /var/www/order/vendor/illuminate/container/BoundMethod.php(81): Illuminate\\Container\\Util::unwrapIfClosure(Object(Closure))
#15 /var/www/order/vendor/illuminate/container/BoundMethod.php(37): Illuminate\\Container\\BoundMethod::callBoundMethod(Object(Laravel\\Lumen\\Application), Object(Closure), Object(Closure))
#16 /var/www/order/vendor/illuminate/container/Container.php(653): Illuminate\\Container\\BoundMethod::call(Object(Laravel\\Lumen\\Application), Object(Closure), Array, NULL)
#17 /var/www/order/vendor/laravel/lumen-framework/src/Concerns/RoutesRequests.php(302): Illuminate\\Container\\Container->call(Object(Closure), Array)
#18 /var/www/order/vendor/laravel/lumen-framework/src/Concerns/RoutesRequests.php(267): Laravel\\Lumen\\Application->callActionOnArrayBasedRoute(Array)
#19 /var/www/order/vendor/laravel/lumen-framework/src/Concerns/RoutesRequests.php(169): Laravel\\Lumen\\Application->handleFoundRoute(Array)
#20 /var/www/order/vendor/laravel/lumen-framework/src/Concerns/RoutesRequests.php(429): Laravel\\Lumen\\Application->Laravel\\Lumen\\Concerns\\{closure}(Object(Laravel\\Lumen\\Http\\Request))
#21 /var/www/order/vendor/laravel/lumen-framework/src/Concerns/RoutesRequests.php(175): Laravel\\Lumen\\Application->sendThroughPipeline(Array, Object(Closure))
#22 /var/www/order/vendor/laravel/lumen-framework/src/Concerns/RoutesRequests.php(112): Laravel\\Lumen\\Application->dispatch(NULL)
#23 /var/www/order/public/index.php(28): Laravel\\Lumen\\Application->run()
#24 {main}
"}
[2021-12-16 23:21:22] local.ERROR: SQLSTATE[42S02]: Base table or view not found: 1146 Table 'dev_db.users' doesn't exist (SQL: select * from `users` where `users`.`id` = 1 limit 1) {"exception":"[object] (Illuminate\\Database\\QueryException(code: 42S02): SQLSTATE[42S02]: Base table or view not found: 1146 Table 'dev_db.users' doesn't exist (SQL: select * from `users` where `users`.`id` = 1 limit 1) at /var/www/order/vendor/illuminate/database/Connection.php:703)
[stacktrace]
#0 /var/www/order/vendor/illuminate/database/Connection.php(663): Illuminate\\Database\\Connection->runQueryCallback('select * from `...', Array, Object(Closure))
#1 /var/www/order/vendor/illuminate/database/Connection.php(367): Illuminate\\Database\\Connection->run('select * from `...', Array, Object(Closure))
#2 /var/www/order/vendor/illuminate/database/Query/Builder.php(2352): Illuminate\\Database\\Connection->select('select * from `...', Array, true)
#3 /var/www/order/vendor/illuminate/database/Query/Builder.php(2340): Illuminate\\Database\\Query\\Builder->runSelect()
#4 /var/www/order/vendor/illuminate/database/Query/Builder.php(2874): Illuminate\\Database\\Query\\Builder->Illuminate\\Database\\Query\\{closure}()
#5 /var/www/order/vendor/illuminate/database/Query/Builder.php(2341): Illuminate\\Database\\Query\\Builder->onceWithColumns(Array, Object(Closure))
#6 /var/www/order/vendor/illuminate/database/Eloquent/Builder.php(616): Illuminate\\Database\\Query\\Builder->get(Array)
#7 /var/www/order/vendor/illuminate/database/Eloquent/Builder.php(600): Illuminate\\Database\\Eloquent\\Builder->getModels(Array)
#8 /var/www/order/vendor/illuminate/database/Concerns/BuildsQueries.php(294): Illuminate\\Database\\Eloquent\\Builder->get(Array)
#9 /var/www/order/vendor/illuminate/database/Eloquent/Builder.php(391): Illuminate\\Database\\Eloquent\\Builder->first(Array)
#10 /var/www/order/vendor/illuminate/support/Traits/ForwardsCalls.php(23): Illuminate\\Database\\Eloquent\\Builder->find(1)
#11 /var/www/order/vendor/illuminate/database/Eloquent/Model.php(2117): Illuminate\\Database\\Eloquent\\Model->forwardCallTo(Object(Illuminate\\Database\\Eloquent\\Builder), 'find', Array)
#12 /var/www/order/routes/web.php(21): Illuminate\\Database\\Eloquent\\Model->__call('find', Array)
#13 /var/www/order/vendor/illuminate/container/BoundMethod.php(36): Closure->{closure}()
#14 /var/www/order/vendor/illuminate/container/Util.php(40): Illuminate\\Container\\BoundMethod::Illuminate\\Container\\{closure}()
#15 /var/www/order/vendor/illuminate/container/BoundMethod.php(81): Illuminate\\Container\\Util::unwrapIfClosure(Object(Closure))
#16 /var/www/order/vendor/illuminate/container/BoundMethod.php(37): Illuminate\\Container\\BoundMethod::callBoundMethod(Object(Laravel\\Lumen\\Application), Object(Closure), Object(Closure))
#17 /var/www/order/vendor/illuminate/container/Container.php(653): Illuminate\\Container\\BoundMethod::call(Object(Laravel\\Lumen\\Application), Object(Closure), Array, NULL)
#18 /var/www/order/vendor/laravel/lumen-framework/src/Concerns/RoutesRequests.php(302): Illuminate\\Container\\Container->call(Object(Closure), Array)
#19 /var/www/order/vendor/laravel/lumen-framework/src/Concerns/RoutesRequests.php(267): Laravel\\Lumen\\Application->callActionOnArrayBasedRoute(Array)
#20 /var/www/order/vendor/laravel/lumen-framework/src/Concerns/RoutesRequests.php(169): Laravel\\Lumen\\Application->handleFoundRoute(Array)
#21 /var/www/order/vendor/laravel/lumen-framework/src/Concerns/RoutesRequests.php(429): Laravel\\Lumen\\Application->Laravel\\Lumen\\Concerns\\{closure}(Object(Laravel\\Lumen\\Http\\Request))
#22 /var/www/order/vendor/laravel/lumen-framework/src/Concerns/RoutesRequests.php(175): Laravel\\Lumen\\Application->sendThroughPipeline(Array, Object(Closure))
#23 /var/www/order/vendor/laravel/lumen-framework/src/Concerns/RoutesRequests.php(112): Laravel\\Lumen\\Application->dispatch(NULL)
#24 /var/www/order/public/index.php(28): Laravel\\Lumen\\Application->run()
#25 {main}

[previous exception] [object] (PDOException(code: 42S02): SQLSTATE[42S02]: Base table or view not found: 1146 Table 'dev_db.users' doesn't exist at /var/www/order/vendor/illuminate/database/Connection.php:359)
[stacktrace]
#0 /var/www/order/vendor/illuminate/database/Connection.php(359): PDO->prepare('select * from `...')
#1 /var/www/order/vendor/illuminate/database/Connection.php(696): Illuminate\\Database\\Connection->Illuminate\\Database\\{closure}('select * from `...', Array)
#2 /var/www/order/vendor/illuminate/database/Connection.php(663): Illuminate\\Database\\Connection->runQueryCallback('select * from `...', Array, Object(Closure))
#3 /var/www/order/vendor/illuminate/database/Connection.php(367): Illuminate\\Database\\Connection->run('select * from `...', Array, Object(Closure))
#4 /var/www/order/vendor/illuminate/database/Query/Builder.php(2352): Illuminate\\Database\\Connection->select('select * from `...', Array, true)
#5 /var/www/order/vendor/illuminate/database/Query/Builder.php(2340): Illuminate\\Database\\Query\\Builder->runSelect()
#6 /var/www/order/vendor/illuminate/database/Query/Builder.php(2874): Illuminate\\Database\\Query\\Builder->Illuminate\\Database\\Query\\{closure}()
#7 /var/www/order/vendor/illuminate/database/Query/Builder.php(2341): Illuminate\\Database\\Query\\Builder->onceWithColumns(Array, Object(Closure))
#8 /var/www/order/vendor/illuminate/database/Eloquent/Builder.php(616): Illuminate\\Database\\Query\\Builder->get(Array)
#9 /var/www/order/vendor/illuminate/database/Eloquent/Builder.php(600): Illuminate\\Database\\Eloquent\\Builder->getModels(Array)
#10 /var/www/order/vendor/illuminate/database/Concerns/BuildsQueries.php(294): Illuminate\\Database\\Eloquent\\Builder->get(Array)
#11 /var/www/order/vendor/illuminate/database/Eloquent/Builder.php(391): Illuminate\\Database\\Eloquent\\Builder->first(Array)
#12 /var/www/order/vendor/illuminate/support/Traits/ForwardsCalls.php(23): Illuminate\\Database\\Eloquent\\Builder->find(1)
#13 /var/www/order/vendor/illuminate/database/Eloquent/Model.php(2117): Illuminate\\Database\\Eloquent\\Model->forwardCallTo(Object(Illuminate\\Database\\Eloquent\\Builder), 'find', Array)
#14 /var/www/order/routes/web.php(21): Illuminate\\Database\\Eloquent\\Model->__call('find', Array)
#15 /var/www/order/vendor/illuminate/container/BoundMethod.php(36): Closure->{closure}()
#16 /var/www/order/vendor/illuminate/container/Util.php(40): Illuminate\\Container\\BoundMethod::Illuminate\\Container\\{closure}()
#17 /var/www/order/vendor/illuminate/container/BoundMethod.php(81): Illuminate\\Container\\Util::unwrapIfClosure(Object(Closure))
#18 /var/www/order/vendor/illuminate/container/BoundMethod.php(37): Illuminate\\Container\\BoundMethod::callBoundMethod(Object(Laravel\\Lumen\\Application), Object(Closure), Object(Closure))
#19 /var/www/order/vendor/illuminate/container/Container.php(653): Illuminate\\Container\\BoundMethod::call(Object(Laravel\\Lumen\\Application), Object(Closure), Array, NULL)
#20 /var/www/order/vendor/laravel/lumen-framework/src/Concerns/RoutesRequests.php(302): Illuminate\\Container\\Container->call(Object(Closure), Array)
#21 /var/www/order/vendor/laravel/lumen-framework/src/Concerns/RoutesRequests.php(267): Laravel\\Lumen\\Application->callActionOnArrayBasedRoute(Array)
#22 /var/www/order/vendor/laravel/lumen-framework/src/Concerns/RoutesRequests.php(169): Laravel\\Lumen\\Application->handleFoundRoute(Array)
#23 /var/www/order/vendor/laravel/lumen-framework/src/Concerns/RoutesRequests.php(429): Laravel\\Lumen\\Application->Laravel\\Lumen\\Concerns\\{closure}(Object(Laravel\\Lumen\\Http\\Request))
#24 /var/www/order/vendor/laravel/lumen-framework/src/Concerns/RoutesRequests.php(175): Laravel\\Lumen\\Application->sendThroughPipeline(Array, Object(Closure))
#25 /var/www/order/vendor/laravel/lumen-framework/src/Concerns/RoutesRequests.php(112): Laravel\\Lumen\\Application->dispatch(NULL)
#26 /var/www/order/public/index.php(28): Laravel\\Lumen\\Application->run()
#27 {main}
"}
